        -:    0:Source:TestGraph.c++
        -:    0:Programs:1
        -:    1:// ----------------------------
        -:    2:// projects/graph/TestGraph.c++
        -:    3:// Copyright (C) 2014
        -:    4:// Glenn P. Downing
        -:    5:// ----------------------------
        -:    6:
        -:    7:// https://code.google.com/p/googletest/wiki/V1_7_Primer#Basic_Assertions
        -:    8:
        -:    9:/*
        -:   10:Google Test Libraries:
        -:   11:    % ls -al /usr/include/gtest/
        -:   12:    ...
        -:   13:    gtest.h
        -:   14:    ...
        -:   15:
        -:   16:    % locate libgtest.a
        -:   17:    /usr/lib/libgtest.a
        -:   18:
        -:   19:    % locate libpthread.a
        -:   20:    /usr/lib/x86_64-linux-gnu/libpthread.a
        -:   21:    /usr/lib32/libpthread.a
        -:   22:
        -:   23:    % locate libgtest_main.a
        -:   24:    /usr/lib/libgtest_main.a
        -:   25:
        -:   26:To compile the test:
        -:   27:    % g++-4.7 -fprofile-arcs -ftest-coverage -pedantic -std=c++11 -Wall Graph.c++ TestGraph.c++ -o TestGraph -lgtest -lgtest_main -lpthread
        -:   28:
        -:   29:To run the test:
        -:   30:    % valgrind TestGraph
        -:   31:
        -:   32:To obtain coverage of the test:
        -:   33:    % gcov-4.7 -b Graph.c++ TestGraph.c++
        -:   34:*/
        -:   35:
        -:   36:// --------
        -:   37:// includes
        -:   38:// --------
        -:   39:
        -:   40:#include <iostream> // cout, endl
        -:   41:#include <iterator> // ostream_iterator
        -:   42:#include <sstream>  // ostringstream
        -:   43:#include <utility>  // pair
        -:   44:
        -:   45:#include "boost/graph/adjacency_list.hpp"  // adjacency_list
        -:   46:#include "boost/graph/topological_sort.hpp"// topological_sort
        -:   47:
        -:   48:#include "gtest/gtest.h"
        -:   49:
        -:   50:#include "Graph.h"
        -:   51:
        -:   52:#define ALL_TYPES	typedef typename TestFixture::graph_type         graph_type; \
        -:   53:    				typedef typename TestFixture::vertex_descriptor  vertex_descriptor; \
        -:   54:    				typedef typename TestFixture::edge_descriptor    edge_descriptor; \
        -:   55:    				typedef typename TestFixture::vertex_iterator    vertex_iterator; \
        -:   56:    				typedef typename TestFixture::edge_iterator      edge_iterator; \
        -:   57:    				typedef typename TestFixture::adjacency_iterator adjacency_iterator; \
        -:   58:    				typedef typename TestFixture::vertices_size_type vertices_size_type; \
        -:   59:    				typedef typename TestFixture::edges_size_type    edges_size_type; \
        -:   60:
        -:   61:// ---------
        -:   62:// TestGraph
        -:   63:// ---------
        -:   64:
        -:   65:template <typename G>
function _ZN9TestGraphIN5boost14adjacency_listINS0_4setSENS0_4vecSENS0_9directedSENS0_11no_propertyES5_S5_NS0_5listSEEEED0Ev called 0 returned 0% blocks executed 0%
function _ZN9TestGraphIN5boost14adjacency_listINS0_4setSENS0_4vecSENS0_9directedSENS0_11no_propertyES5_S5_NS0_5listSEEEED2Ev called 33 returned 100% blocks executed 75%
function _ZN9TestGraphIN5boost14adjacency_listINS0_4setSENS0_4vecSENS0_9directedSENS0_11no_propertyES5_S5_NS0_5listSEEEEC2Ev called 33 returned 100% blocks executed 100%
function _ZN9TestGraphI5GraphED0Ev called 0 returned 0% blocks executed 0%
function _ZN9TestGraphI5GraphED2Ev called 33 returned 100% blocks executed 75%
function _ZN9TestGraphI5GraphEC2Ev called 33 returned 100% blocks executed 100%
      132:   66:struct TestGraph : testing::Test {
call    0 never executed
call    1 never executed
call    2 returned 100%
branch  3 taken 0% (fallthrough)
branch  4 taken 100%
call    5 never executed
call    6 returned 100%
call    7 never executed
call    8 never executed
call    9 returned 100%
branch 10 taken 0% (fallthrough)
branch 11 taken 100%
call   12 never executed
call   13 returned 100%
        -:   67:    // --------
        -:   68:    // typedefs
        -:   69:    // --------
        -:   70:
        -:   71:    typedef          G                     graph_type;
        -:   72:    typedef typename G::vertex_descriptor  vertex_descriptor;
        -:   73:    typedef typename G::edge_descriptor    edge_descriptor;
        -:   74:    typedef typename G::vertex_iterator    vertex_iterator;
        -:   75:    typedef typename G::edge_iterator      edge_iterator;
        -:   76:    typedef typename G::adjacency_iterator adjacency_iterator;
        -:   77:    typedef typename G::vertices_size_type vertices_size_type;
        -:   78:    typedef typename G::edges_size_type    edges_size_type;};
        -:   79:
        -:   80:// directed, sparse, unweighted
        -:   81:// possibly connected
        -:   82:// possibly cyclic
        -:   83:typedef testing::Types<
        -:   84:            boost::adjacency_list<boost::setS, boost::vecS, boost::directedS>,
        -:   85:            Graph>
        -:   86:        my_types;
        -:   87:
        -:   88:TYPED_TEST_CASE(TestGraph, my_types);
        -:   89:
function _ZN29TestGraph_Num_Vertices_1_TestIN5boost14adjacency_listINS0_4setSENS0_4vecSENS0_9directedSENS0_11no_propertyES5_S5_NS0_5listSEEEE8TestBodyEv called 1 returned 100% blocks executed 39%
function _ZN29TestGraph_Num_Vertices_1_TestI5GraphE8TestBodyEv called 1 returned 100% blocks executed 43%
function _ZN29TestGraph_Num_Vertices_1_TestIN5boost14adjacency_listINS0_4setSENS0_4vecSENS0_9directedSENS0_11no_propertyES5_S5_NS0_5listSEEEED0Ev called 1 returned 100% blocks executed 100%
function _ZN29TestGraph_Num_Vertices_1_TestIN5boost14adjacency_listINS0_4setSENS0_4vecSENS0_9directedSENS0_11no_propertyES5_S5_NS0_5listSEEEED2Ev called 1 returned 100% blocks executed 75%
function _ZN29TestGraph_Num_Vertices_1_TestI5GraphED0Ev called 1 returned 100% blocks executed 100%
function _ZN29TestGraph_Num_Vertices_1_TestI5GraphED2Ev called 1 returned 100% blocks executed 75%
function _ZN29TestGraph_Num_Vertices_1_TestIN5boost14adjacency_listINS0_4setSENS0_4vecSENS0_9directedSENS0_11no_propertyES5_S5_NS0_5listSEEEEC2Ev called 1 returned 100% blocks executed 100%
function _ZN29TestGraph_Num_Vertices_1_TestI5GraphEC2Ev called 1 returned 100% blocks executed 100%
        9:   90:TYPED_TEST(TestGraph, Num_Vertices_1) {
call    0 returned 100%
call    1 returned 100%
call    2 returned 100%
branch  3 taken 0% (fallthrough)
branch  4 taken 100%
call    5 never executed
call    6 returned 100%
call    7 returned 100%
call    8 returned 100%
branch  9 taken 0% (fallthrough)
branch 10 taken 100%
call   11 never executed
call   12 returned 100%
call   13 returned 100%
call   14 returned 100%
        -:   91:    ALL_TYPES;
        -:   92:
        2:   93:    graph_type g;
branch  0 taken 100% (fallthrough)
branch  1 taken 0% (throw)
call    2 returned 100%
branch  3 taken 100% (fallthrough)
branch  4 taken 0% (throw)
call    5 returned 100%
branch  6 taken 100% (fallthrough)
branch  7 taken 0% (throw)
call    8 returned 100%
branch  9 taken 100% (fallthrough)
branch 10 taken 0% (throw)
call   11 returned 100%
branch 12 taken 100% (fallthrough)
branch 13 taken 0% (throw)
call   14 returned 100%
call   15 returned 100%
call   16 returned 100%
call   17 returned 100%
call   18 never executed
call   19 never executed
call   20 never executed
        -:   94:
        2:   95:    add_vertex(g);
branch  0 taken 100% (fallthrough)
branch  1 taken 0% (throw)
call    2 returned 100%
branch  3 taken 100% (fallthrough)
branch  4 taken 0% (throw)
call    5 returned 100%
        -:   96:
        2:   97:    ASSERT_EQ(num_vertices(g), 1);}
branch  0 taken 100% (fallthrough)
branch  1 taken 0% (throw)
call    2 returned 100%
branch  3 taken 100% (fallthrough)
branch  4 taken 0% (throw)
call    5 returned 100%
call    6 returned 100%
branch  7 taken 0% (fallthrough)
branch  8 taken 100%
branch  9 never executed
branch 10 never executed
call   11 never executed
branch 12 never executed
branch 13 never executed
call   14 never executed
branch 15 never executed
branch 16 never executed
call   17 never executed
branch 18 never executed
branch 19 never executed
call   20 never executed
branch 21 never executed
branch 22 never executed
call   23 never executed
branch 24 never executed
branch 25 never executed
call   26 never executed
branch 27 taken 100% (fallthrough)
branch 28 taken 0% (throw)
call   29 returned 100%
branch 30 taken 100%
branch 31 taken 0%
branch 32 taken 100% (fallthrough)
branch 33 taken 0% (throw)
call   34 returned 100%
branch 35 taken 100%
branch 36 taken 0%
call   37 never executed
call   38 never executed
call   39 never executed
call   40 never executed
call   41 never executed
branch 42 taken 100% (fallthrough)
branch 43 taken 0% (throw)
call   44 returned 100%
branch 45 taken 100% (fallthrough)
branch 46 taken 0% (throw)
call   47 returned 100%
call   48 returned 100%
branch 49 taken 0% (fallthrough)
branch 50 taken 100%
branch 51 never executed
branch 52 never executed
call   53 never executed
branch 54 never executed
branch 55 never executed
call   56 never executed
branch 57 never executed
branch 58 never executed
call   59 never executed
branch 60 never executed
branch 61 never executed
call   62 never executed
branch 63 never executed
branch 64 never executed
call   65 never executed
branch 66 never executed
branch 67 never executed
call   68 never executed
branch 69 taken 100% (fallthrough)
branch 70 taken 0% (throw)
call   71 returned 100%
branch 72 taken 100%
branch 73 taken 0%
call   74 returned 100%
branch 75 taken 100%
branch 76 taken 0%
call   77 never executed
call   78 never executed
call   79 never executed
call   80 never executed
call   81 never executed
        -:   98:
function _ZN29TestGraph_Num_Vertices_2_TestIN5boost14adjacency_listINS0_4setSENS0_4vecSENS0_9directedSENS0_11no_propertyES5_S5_NS0_5listSEEEE8TestBodyEv called 1 returned 100% blocks executed 49%
function _ZN29TestGraph_Num_Vertices_2_TestI5GraphE8TestBodyEv called 1 returned 100% blocks executed 50%
function _ZN29TestGraph_Num_Vertices_2_TestIN5boost14adjacency_listINS0_4setSENS0_4vecSENS0_9directedSENS0_11no_propertyES5_S5_NS0_5listSEEEED0Ev called 1 returned 100% blocks executed 100%
function _ZN29TestGraph_Num_Vertices_2_TestIN5boost14adjacency_listINS0_4setSENS0_4vecSENS0_9directedSENS0_11no_propertyES5_S5_NS0_5listSEEEED2Ev called 1 returned 100% blocks executed 75%
function _ZN29TestGraph_Num_Vertices_2_TestI5GraphED0Ev called 1 returned 100% blocks executed 100%
function _ZN29TestGraph_Num_Vertices_2_TestI5GraphED2Ev called 1 returned 100% blocks executed 75%
function _ZN29TestGraph_Num_Vertices_2_TestIN5boost14adjacency_listINS0_4setSENS0_4vecSENS0_9directedSENS0_11no_propertyES5_S5_NS0_5listSEEEEC2Ev called 1 returned 100% blocks executed 100%
function _ZN29TestGraph_Num_Vertices_2_TestI5GraphEC2Ev called 1 returned 100% blocks executed 100%
        9:   99:TYPED_TEST(TestGraph, Num_Vertices_2) {
call    0 returned 100%
call    1 returned 100%
call    2 returned 100%
branch  3 taken 0% (fallthrough)
branch  4 taken 100%
call    5 never executed
call    6 returned 100%
call    7 returned 100%
call    8 returned 100%
branch  9 taken 0% (fallthrough)
branch 10 taken 100%
call   11 never executed
call   12 returned 100%
call   13 returned 100%
call   14 returned 100%
        -:  100:    ALL_TYPES;
        -:  101:
        2:  102:    graph_type g;
branch  0 taken 100% (fallthrough)
branch  1 taken 0% (throw)
call    2 returned 100%
branch  3 taken 100% (fallthrough)
branch  4 taken 0% (throw)
call    5 returned 100%
branch  6 taken 100% (fallthrough)
branch  7 taken 0% (throw)
call    8 returned 100%
branch  9 taken 100% (fallthrough)
branch 10 taken 0% (throw)
call   11 returned 100%
branch 12 taken 100% (fallthrough)
branch 13 taken 0% (throw)
call   14 returned 100%
call   15 returned 100%
call   16 returned 100%
call   17 returned 100%
call   18 never executed
call   19 never executed
call   20 never executed
        -:  103:
        2:  104:    add_vertex(g);
branch  0 taken 100% (fallthrough)
branch  1 taken 0% (throw)
call    2 returned 100%
branch  3 taken 100% (fallthrough)
branch  4 taken 0% (throw)
call    5 returned 100%
        2:  105:    add_vertex(g);
branch  0 taken 100% (fallthrough)
branch  1 taken 0% (throw)
call    2 returned 100%
branch  3 taken 100% (fallthrough)
branch  4 taken 0% (throw)
call    5 returned 100%
        2:  106:    add_vertex(g);
branch  0 taken 100% (fallthrough)
branch  1 taken 0% (throw)
call    2 returned 100%
branch  3 taken 100% (fallthrough)
branch  4 taken 0% (throw)
call    5 returned 100%
        2:  107:    add_vertex(g);
branch  0 taken 100% (fallthrough)
branch  1 taken 0% (throw)
call    2 returned 100%
branch  3 taken 100% (fallthrough)
branch  4 taken 0% (throw)
call    5 returned 100%
        2:  108:    add_vertex(g);
branch  0 taken 100% (fallthrough)
branch  1 taken 0% (throw)
call    2 returned 100%
branch  3 taken 100% (fallthrough)
branch  4 taken 0% (throw)
call    5 returned 100%
        2:  109:    add_vertex(g);
branch  0 taken 100% (fallthrough)
branch  1 taken 0% (throw)
call    2 returned 100%
branch  3 taken 100% (fallthrough)
branch  4 taken 0% (throw)
call    5 returned 100%
        2:  110:    add_vertex(g);
branch  0 taken 100% (fallthrough)
branch  1 taken 0% (throw)
call    2 returned 100%
branch  3 taken 100% (fallthrough)
branch  4 taken 0% (throw)
call    5 returned 100%
        2:  111:    add_vertex(g);
branch  0 taken 100% (fallthrough)
branch  1 taken 0% (throw)
call    2 returned 100%
branch  3 taken 100% (fallthrough)
branch  4 taken 0% (throw)
call    5 returned 100%
        -:  112:
        2:  113:    ASSERT_EQ(num_vertices(g), 8);}
branch  0 taken 100% (fallthrough)
branch  1 taken 0% (throw)
call    2 returned 100%
branch  3 taken 100% (fallthrough)
branch  4 taken 0% (throw)
call    5 returned 100%
call    6 returned 100%
branch  7 taken 0% (fallthrough)
branch  8 taken 100%
branch  9 never executed
branch 10 never executed
call   11 never executed
branch 12 never executed
branch 13 never executed
call   14 never executed
branch 15 never executed
branch 16 never executed
call   17 never executed
branch 18 never executed
branch 19 never executed
call   20 never executed
branch 21 never executed
branch 22 never executed
call   23 never executed
branch 24 never executed
branch 25 never executed
call   26 never executed
branch 27 taken 100% (fallthrough)
branch 28 taken 0% (throw)
call   29 returned 100%
branch 30 taken 100%
branch 31 taken 0%
branch 32 taken 100% (fallthrough)
branch 33 taken 0% (throw)
call   34 returned 100%
branch 35 taken 100%
branch 36 taken 0%
call   37 never executed
call   38 never executed
call   39 never executed
call   40 never executed
call   41 never executed
branch 42 taken 100% (fallthrough)
branch 43 taken 0% (throw)
call   44 returned 100%
branch 45 taken 100% (fallthrough)
branch 46 taken 0% (throw)
call   47 returned 100%
call   48 returned 100%
branch 49 taken 0% (fallthrough)
branch 50 taken 100%
branch 51 never executed
branch 52 never executed
call   53 never executed
branch 54 never executed
branch 55 never executed
call   56 never executed
branch 57 never executed
branch 58 never executed
call   59 never executed
branch 60 never executed
branch 61 never executed
call   62 never executed
branch 63 never executed
branch 64 never executed
call   65 never executed
branch 66 never executed
branch 67 never executed
call   68 never executed
branch 69 taken 100% (fallthrough)
branch 70 taken 0% (throw)
call   71 returned 100%
branch 72 taken 100%
branch 73 taken 0%
call   74 returned 100%
branch 75 taken 100%
branch 76 taken 0%
call   77 never executed
call   78 never executed
call   79 never executed
call   80 never executed
call   81 never executed
        -:  114:
function _ZN29TestGraph_Num_Vertices_3_TestIN5boost14adjacency_listINS0_4setSENS0_4vecSENS0_9directedSENS0_11no_propertyES5_S5_NS0_5listSEEEE8TestBodyEv called 1 returned 100% blocks executed 34%
function _ZN29TestGraph_Num_Vertices_3_TestI5GraphE8TestBodyEv called 1 returned 100% blocks executed 38%
function _ZN29TestGraph_Num_Vertices_3_TestIN5boost14adjacency_listINS0_4setSENS0_4vecSENS0_9directedSENS0_11no_propertyES5_S5_NS0_5listSEEEED0Ev called 1 returned 100% blocks executed 100%
function _ZN29TestGraph_Num_Vertices_3_TestIN5boost14adjacency_listINS0_4setSENS0_4vecSENS0_9directedSENS0_11no_propertyES5_S5_NS0_5listSEEEED2Ev called 1 returned 100% blocks executed 75%
function _ZN29TestGraph_Num_Vertices_3_TestI5GraphED0Ev called 1 returned 100% blocks executed 100%
function _ZN29TestGraph_Num_Vertices_3_TestI5GraphED2Ev called 1 returned 100% blocks executed 75%
function _ZN29TestGraph_Num_Vertices_3_TestIN5boost14adjacency_listINS0_4setSENS0_4vecSENS0_9directedSENS0_11no_propertyES5_S5_NS0_5listSEEEEC2Ev called 1 returned 100% blocks executed 100%
function _ZN29TestGraph_Num_Vertices_3_TestI5GraphEC2Ev called 1 returned 100% blocks executed 100%
        9:  115:TYPED_TEST(TestGraph, Num_Vertices_3) {
call    0 returned 100%
call    1 returned 100%
call    2 returned 100%
branch  3 taken 0% (fallthrough)
branch  4 taken 100%
call    5 never executed
call    6 returned 100%
call    7 returned 100%
call    8 returned 100%
branch  9 taken 0% (fallthrough)
branch 10 taken 100%
call   11 never executed
call   12 returned 100%
call   13 returned 100%
call   14 returned 100%
        -:  116:    ALL_TYPES;
        -:  117:
        2:  118:    graph_type g;
branch  0 taken 100% (fallthrough)
branch  1 taken 0% (throw)
call    2 returned 100%
branch  3 taken 100% (fallthrough)
branch  4 taken 0% (throw)
call    5 returned 100%
branch  6 taken 100% (fallthrough)
branch  7 taken 0% (throw)
call    8 returned 100%
branch  9 taken 100% (fallthrough)
branch 10 taken 0% (throw)
call   11 returned 100%
branch 12 taken 100% (fallthrough)
branch 13 taken 0% (throw)
call   14 returned 100%
call   15 returned 100%
call   16 returned 100%
call   17 returned 100%
call   18 never executed
call   19 never executed
call   20 never executed
        -:  119:
        2:  120:    vertex_descriptor vdA = add_vertex(g);
branch  0 taken 100% (fallthrough)
branch  1 taken 0% (throw)
call    2 returned 100%
branch  3 taken 100% (fallthrough)
branch  4 taken 0% (throw)
call    5 returned 100%
        2:  121:    ASSERT_EQ(vdA, 0);
branch  0 taken 100% (fallthrough)
branch  1 taken 0% (throw)
call    2 returned 100%
call    3 returned 100%
branch  4 taken 0% (fallthrough)
branch  5 taken 100%
branch  6 never executed
branch  7 never executed
call    8 never executed
branch  9 never executed
branch 10 never executed
call   11 never executed
branch 12 never executed
branch 13 never executed
call   14 never executed
branch 15 never executed
branch 16 never executed
call   17 never executed
branch 18 never executed
branch 19 never executed
call   20 never executed
branch 21 never executed
branch 22 never executed
call   23 never executed
branch 24 taken 100% (fallthrough)
branch 25 taken 0% (throw)
call   26 returned 100%
branch 27 taken 100%
branch 28 taken 0%
call   29 never executed
call   30 never executed
call   31 never executed
branch 32 taken 100% (fallthrough)
branch 33 taken 0% (throw)
call   34 returned 100%
call   35 returned 100%
branch 36 taken 0% (fallthrough)
branch 37 taken 100%
branch 38 never executed
branch 39 never executed
call   40 never executed
branch 41 never executed
branch 42 never executed
call   43 never executed
branch 44 never executed
branch 45 never executed
call   46 never executed
branch 47 never executed
branch 48 never executed
call   49 never executed
branch 50 never executed
branch 51 never executed
call   52 never executed
branch 53 never executed
branch 54 never executed
call   55 never executed
branch 56 taken 100% (fallthrough)
branch 57 taken 0% (throw)
call   58 returned 100%
branch 59 taken 100%
branch 60 taken 0%
call   61 never executed
call   62 never executed
call   63 never executed
        -:  122:
        2:  123:    ASSERT_EQ(num_vertices(g), 1);}
branch  0 taken 100% (fallthrough)
branch  1 taken 0% (throw)
call    2 returned 100%
branch  3 taken 100% (fallthrough)
branch  4 taken 0% (throw)
call    5 returned 100%
call    6 returned 100%
branch  7 taken 0% (fallthrough)
branch  8 taken 100%
branch  9 never executed
branch 10 never executed
call   11 never executed
branch 12 never executed
branch 13 never executed
call   14 never executed
branch 15 never executed
branch 16 never executed
call   17 never executed
branch 18 never executed
branch 19 never executed
call   20 never executed
branch 21 never executed
branch 22 never executed
call   23 never executed
branch 24 never executed
branch 25 never executed
call   26 never executed
branch 27 taken 100% (fallthrough)
branch 28 taken 0% (throw)
call   29 returned 100%
branch 30 taken 100%
branch 31 taken 0%
branch 32 taken 100% (fallthrough)
branch 33 taken 0% (throw)
call   34 returned 100%
branch 35 taken 100%
branch 36 taken 0%
call   37 never executed
call   38 never executed
call   39 never executed
call   40 never executed
call   41 never executed
branch 42 taken 100% (fallthrough)
branch 43 taken 0% (throw)
call   44 returned 100%
branch 45 taken 100% (fallthrough)
branch 46 taken 0% (throw)
call   47 returned 100%
call   48 returned 100%
branch 49 taken 0% (fallthrough)
branch 50 taken 100%
branch 51 never executed
branch 52 never executed
call   53 never executed
branch 54 never executed
branch 55 never executed
call   56 never executed
branch 57 never executed
branch 58 never executed
call   59 never executed
branch 60 never executed
branch 61 never executed
call   62 never executed
branch 63 never executed
branch 64 never executed
call   65 never executed
branch 66 never executed
branch 67 never executed
call   68 never executed
branch 69 taken 100% (fallthrough)
branch 70 taken 0% (throw)
call   71 returned 100%
branch 72 taken 100%
branch 73 taken 0%
call   74 returned 100%
branch 75 taken 100%
branch 76 taken 0%
call   77 never executed
call   78 never executed
call   79 never executed
call   80 never executed
call   81 never executed
        -:  124:
function _ZN25TestGraph_Add_Edge_1_TestIN5boost14adjacency_listINS0_4setSENS0_4vecSENS0_9directedSENS0_11no_propertyES5_S5_NS0_5listSEEEE8TestBodyEv called 1 returned 100% blocks executed 38%
function _ZN25TestGraph_Add_Edge_1_TestI5GraphE8TestBodyEv called 1 returned 100% blocks executed 41%
function _ZN25TestGraph_Add_Edge_1_TestIN5boost14adjacency_listINS0_4setSENS0_4vecSENS0_9directedSENS0_11no_propertyES5_S5_NS0_5listSEEEED0Ev called 1 returned 100% blocks executed 100%
function _ZN25TestGraph_Add_Edge_1_TestIN5boost14adjacency_listINS0_4setSENS0_4vecSENS0_9directedSENS0_11no_propertyES5_S5_NS0_5listSEEEED2Ev called 1 returned 100% blocks executed 75%
function _ZN25TestGraph_Add_Edge_1_TestI5GraphED0Ev called 1 returned 100% blocks executed 100%
function _ZN25TestGraph_Add_Edge_1_TestI5GraphED2Ev called 1 returned 100% blocks executed 75%
function _ZN25TestGraph_Add_Edge_1_TestIN5boost14adjacency_listINS0_4setSENS0_4vecSENS0_9directedSENS0_11no_propertyES5_S5_NS0_5listSEEEEC2Ev called 1 returned 100% blocks executed 100%
function _ZN25TestGraph_Add_Edge_1_TestI5GraphEC2Ev called 1 returned 100% blocks executed 100%
        9:  125:TYPED_TEST(TestGraph, Add_Edge_1) {
call    0 returned 100%
call    1 returned 100%
call    2 returned 100%
branch  3 taken 0% (fallthrough)
branch  4 taken 100%
call    5 never executed
call    6 returned 100%
call    7 returned 100%
call    8 returned 100%
branch  9 taken 0% (fallthrough)
branch 10 taken 100%
call   11 never executed
call   12 returned 100%
call   13 returned 100%
call   14 returned 100%
        -:  126:    ALL_TYPES;
        -:  127:
        2:  128:    graph_type g;
branch  0 taken 100% (fallthrough)
branch  1 taken 0% (throw)
call    2 returned 100%
branch  3 taken 100% (fallthrough)
branch  4 taken 0% (throw)
call    5 returned 100%
branch  6 taken 100% (fallthrough)
branch  7 taken 0% (throw)
call    8 returned 100%
branch  9 taken 100% (fallthrough)
branch 10 taken 0% (throw)
call   11 returned 100%
branch 12 taken 100% (fallthrough)
branch 13 taken 0% (throw)
call   14 returned 100%
call   15 returned 100%
call   16 returned 100%
call   17 returned 100%
call   18 never executed
call   19 never executed
call   20 never executed
        -:  129:
        2:  130:    vertex_descriptor vdA = add_vertex(g);
branch  0 taken 100% (fallthrough)
branch  1 taken 0% (throw)
call    2 returned 100%
branch  3 taken 100% (fallthrough)
branch  4 taken 0% (throw)
call    5 returned 100%
        2:  131:    vertex_descriptor vdB = add_vertex(g);
branch  0 taken 100% (fallthrough)
branch  1 taken 0% (throw)
call    2 returned 100%
branch  3 taken 100% (fallthrough)
branch  4 taken 0% (throw)
call    5 returned 100%
        -:  132:
        2:  133:    edge_descriptor edAB = add_edge(vdA, vdB, g).first;
branch  0 taken 100% (fallthrough)
branch  1 taken 0% (throw)
call    2 returned 100%
branch  3 taken 100% (fallthrough)
branch  4 taken 0% (throw)
call    5 returned 100%
        -:  134:
        2:  135:    std::pair<edge_descriptor, bool> p1 = add_edge(vdA, vdB, g);
branch  0 taken 100% (fallthrough)
branch  1 taken 0% (throw)
call    2 returned 100%
branch  3 taken 100% (fallthrough)
branch  4 taken 0% (throw)
call    5 returned 100%
        2:  136:    ASSERT_EQ(edAB,  p1.first);
branch  0 taken 100% (fallthrough)
branch  1 taken 0% (throw)
call    2 returned 100%
call    3 returned 100%
branch  4 taken 0% (fallthrough)
branch  5 taken 100%
branch  6 never executed
branch  7 never executed
call    8 never executed
branch  9 never executed
branch 10 never executed
call   11 never executed
branch 12 never executed
branch 13 never executed
call   14 never executed
branch 15 never executed
branch 16 never executed
call   17 never executed
branch 18 never executed
branch 19 never executed
call   20 never executed
branch 21 never executed
branch 22 never executed
call   23 never executed
branch 24 taken 100% (fallthrough)
branch 25 taken 0% (throw)
call   26 returned 100%
branch 27 taken 100%
branch 28 taken 0%
call   29 never executed
call   30 never executed
call   31 never executed
branch 32 taken 100% (fallthrough)
branch 33 taken 0% (throw)
call   34 returned 100%
call   35 returned 100%
branch 36 taken 0% (fallthrough)
branch 37 taken 100%
branch 38 never executed
branch 39 never executed
call   40 never executed
branch 41 never executed
branch 42 never executed
call   43 never executed
branch 44 never executed
branch 45 never executed
call   46 never executed
branch 47 never executed
branch 48 never executed
call   49 never executed
branch 50 never executed
branch 51 never executed
call   52 never executed
branch 53 never executed
branch 54 never executed
call   55 never executed
branch 56 taken 100% (fallthrough)
branch 57 taken 0% (throw)
call   58 returned 100%
branch 59 taken 100%
branch 60 taken 0%
call   61 never executed
call   62 never executed
call   63 never executed
        2:  137:    ASSERT_EQ(false, p1.second);}
branch  0 taken 100% (fallthrough)
branch  1 taken 0% (throw)
call    2 returned 100%
call    3 returned 100%
branch  4 taken 0% (fallthrough)
branch  5 taken 100%
branch  6 never executed
branch  7 never executed
call    8 never executed
branch  9 never executed
branch 10 never executed
call   11 never executed
branch 12 never executed
branch 13 never executed
call   14 never executed
branch 15 never executed
branch 16 never executed
call   17 never executed
branch 18 never executed
branch 19 never executed
call   20 never executed
branch 21 never executed
branch 22 never executed
call   23 never executed
branch 24 taken 100% (fallthrough)
branch 25 taken 0% (throw)
call   26 returned 100%
branch 27 taken 100%
branch 28 taken 0%
branch 29 taken 100% (fallthrough)
branch 30 taken 0% (throw)
call   31 returned 100%
branch 32 taken 100%
branch 33 taken 0%
call   34 never executed
call   35 never executed
call   36 never executed
call   37 never executed
call   38 never executed
branch 39 taken 100% (fallthrough)
branch 40 taken 0% (throw)
call   41 returned 100%
call   42 returned 100%
branch 43 taken 0% (fallthrough)
branch 44 taken 100%
branch 45 never executed
branch 46 never executed
call   47 never executed
branch 48 never executed
branch 49 never executed
call   50 never executed
branch 51 never executed
branch 52 never executed
call   53 never executed
branch 54 never executed
branch 55 never executed
call   56 never executed
branch 57 never executed
branch 58 never executed
call   59 never executed
branch 60 never executed
branch 61 never executed
call   62 never executed
branch 63 taken 100% (fallthrough)
branch 64 taken 0% (throw)
call   65 returned 100%
branch 66 taken 100%
branch 67 taken 0%
call   68 returned 100%
branch 69 taken 100%
branch 70 taken 0%
call   71 never executed
call   72 never executed
call   73 never executed
call   74 never executed
call   75 never executed
        -:  138:
function _ZN25TestGraph_Add_Edge_2_TestIN5boost14adjacency_listINS0_4setSENS0_4vecSENS0_9directedSENS0_11no_propertyES5_S5_NS0_5listSEEEE8TestBodyEv called 1 returned 100% blocks executed 34%
function _ZN25TestGraph_Add_Edge_2_TestI5GraphE8TestBodyEv called 1 returned 100% blocks executed 36%
function _ZN25TestGraph_Add_Edge_2_TestIN5boost14adjacency_listINS0_4setSENS0_4vecSENS0_9directedSENS0_11no_propertyES5_S5_NS0_5listSEEEED0Ev called 1 returned 100% blocks executed 100%
function _ZN25TestGraph_Add_Edge_2_TestIN5boost14adjacency_listINS0_4setSENS0_4vecSENS0_9directedSENS0_11no_propertyES5_S5_NS0_5listSEEEED2Ev called 1 returned 100% blocks executed 75%
function _ZN25TestGraph_Add_Edge_2_TestI5GraphED0Ev called 1 returned 100% blocks executed 100%
function _ZN25TestGraph_Add_Edge_2_TestI5GraphED2Ev called 1 returned 100% blocks executed 75%
function _ZN25TestGraph_Add_Edge_2_TestIN5boost14adjacency_listINS0_4setSENS0_4vecSENS0_9directedSENS0_11no_propertyES5_S5_NS0_5listSEEEEC2Ev called 1 returned 100% blocks executed 100%
function _ZN25TestGraph_Add_Edge_2_TestI5GraphEC2Ev called 1 returned 100% blocks executed 100%
        9:  139:TYPED_TEST(TestGraph, Add_Edge_2) {
call    0 returned 100%
call    1 returned 100%
call    2 returned 100%
branch  3 taken 0% (fallthrough)
branch  4 taken 100%
call    5 never executed
call    6 returned 100%
call    7 returned 100%
call    8 returned 100%
branch  9 taken 0% (fallthrough)
branch 10 taken 100%
call   11 never executed
call   12 returned 100%
call   13 returned 100%
call   14 returned 100%
        -:  140:    ALL_TYPES;
        -:  141:
        2:  142:    graph_type g;
branch  0 taken 100% (fallthrough)
branch  1 taken 0% (throw)
call    2 returned 100%
branch  3 taken 100% (fallthrough)
branch  4 taken 0% (throw)
call    5 returned 100%
branch  6 taken 100% (fallthrough)
branch  7 taken 0% (throw)
call    8 returned 100%
branch  9 taken 100% (fallthrough)
branch 10 taken 0% (throw)
call   11 returned 100%
branch 12 taken 100% (fallthrough)
branch 13 taken 0% (throw)
call   14 returned 100%
call   15 returned 100%
call   16 returned 100%
call   17 returned 100%
call   18 never executed
call   19 never executed
call   20 never executed
        -:  143:
        2:  144:    vertex_descriptor vdA = add_vertex(g);
branch  0 taken 100% (fallthrough)
branch  1 taken 0% (throw)
call    2 returned 100%
branch  3 taken 100% (fallthrough)
branch  4 taken 0% (throw)
call    5 returned 100%
        2:  145:    vertex_descriptor vdB = add_vertex(g);
branch  0 taken 100% (fallthrough)
branch  1 taken 0% (throw)
call    2 returned 100%
branch  3 taken 100% (fallthrough)
branch  4 taken 0% (throw)
call    5 returned 100%
        2:  146:    vertex_descriptor vdC = add_vertex(g);
branch  0 taken 100% (fallthrough)
branch  1 taken 0% (throw)
call    2 returned 100%
branch  3 taken 100% (fallthrough)
branch  4 taken 0% (throw)
call    5 returned 100%
        -:  147:
        2:  148:    edge_descriptor edAB = add_edge(vdA, vdB, g).first;
branch  0 taken 100% (fallthrough)
branch  1 taken 0% (throw)
call    2 returned 100%
branch  3 taken 100% (fallthrough)
branch  4 taken 0% (throw)
call    5 returned 100%
        2:  149:    edge_descriptor edAC = add_edge(vdA, vdC, g).first;
branch  0 taken 100% (fallthrough)
branch  1 taken 0% (throw)
call    2 returned 100%
branch  3 taken 100% (fallthrough)
branch  4 taken 0% (throw)
call    5 returned 100%
        2:  150:    edge_descriptor edBC = add_edge(vdB, vdC, g).first;
branch  0 taken 100% (fallthrough)
branch  1 taken 0% (throw)
call    2 returned 100%
branch  3 taken 100% (fallthrough)
branch  4 taken 0% (throw)
call    5 returned 100%
        2:  151:    std::pair<edge_descriptor, bool> p1 = add_edge(vdA, vdB, g);
branch  0 taken 100% (fallthrough)
branch  1 taken 0% (throw)
call    2 returned 100%
branch  3 taken 100% (fallthrough)
branch  4 taken 0% (throw)
call    5 returned 100%
        2:  152:    std::pair<edge_descriptor, bool> p2 = add_edge(vdA, vdC, g);
branch  0 taken 100% (fallthrough)
branch  1 taken 0% (throw)
call    2 returned 100%
branch  3 taken 100% (fallthrough)
branch  4 taken 0% (throw)
call    5 returned 100%
        2:  153:    std::pair<edge_descriptor, bool> p3 = add_edge(vdB, vdC, g);
branch  0 taken 100% (fallthrough)
branch  1 taken 0% (throw)
call    2 returned 100%
branch  3 taken 100% (fallthrough)
branch  4 taken 0% (throw)
call    5 returned 100%
        2:  154:    ASSERT_EQ(edAB,  p1.first);
branch  0 taken 100% (fallthrough)
branch  1 taken 0% (throw)
call    2 returned 100%
call    3 returned 100%
branch  4 taken 0% (fallthrough)
branch  5 taken 100%
branch  6 never executed
branch  7 never executed
call    8 never executed
branch  9 never executed
branch 10 never executed
call   11 never executed
branch 12 never executed
branch 13 never executed
call   14 never executed
branch 15 never executed
branch 16 never executed
call   17 never executed
branch 18 never executed
branch 19 never executed
call   20 never executed
branch 21 never executed
branch 22 never executed
call   23 never executed
branch 24 taken 100% (fallthrough)
branch 25 taken 0% (throw)
call   26 returned 100%
branch 27 taken 100%
branch 28 taken 0%
call   29 never executed
call   30 never executed
call   31 never executed
branch 32 taken 100% (fallthrough)
branch 33 taken 0% (throw)
call   34 returned 100%
call   35 returned 100%
branch 36 taken 0% (fallthrough)
branch 37 taken 100%
branch 38 never executed
branch 39 never executed
call   40 never executed
branch 41 never executed
branch 42 never executed
call   43 never executed
branch 44 never executed
branch 45 never executed
call   46 never executed
branch 47 never executed
branch 48 never executed
call   49 never executed
branch 50 never executed
branch 51 never executed
call   52 never executed
branch 53 never executed
branch 54 never executed
call   55 never executed
branch 56 taken 100% (fallthrough)
branch 57 taken 0% (throw)
call   58 returned 100%
branch 59 taken 100%
branch 60 taken 0%
call   61 never executed
call   62 never executed
call   63 never executed
        2:  155:    ASSERT_EQ(false, p1.second);
branch  0 taken 100% (fallthrough)
branch  1 taken 0% (throw)
call    2 returned 100%
call    3 returned 100%
branch  4 taken 0% (fallthrough)
branch  5 taken 100%
branch  6 never executed
branch  7 never executed
call    8 never executed
branch  9 never executed
branch 10 never executed
call   11 never executed
branch 12 never executed
branch 13 never executed
call   14 never executed
branch 15 never executed
branch 16 never executed
call   17 never executed
branch 18 never executed
branch 19 never executed
call   20 never executed
branch 21 never executed
branch 22 never executed
call   23 never executed
branch 24 taken 100% (fallthrough)
branch 25 taken 0% (throw)
call   26 returned 100%
branch 27 taken 100%
branch 28 taken 0%
call   29 never executed
call   30 never executed
call   31 never executed
branch 32 taken 100% (fallthrough)
branch 33 taken 0% (throw)
call   34 returned 100%
call   35 returned 100%
branch 36 taken 0% (fallthrough)
branch 37 taken 100%
branch 38 never executed
branch 39 never executed
call   40 never executed
branch 41 never executed
branch 42 never executed
call   43 never executed
branch 44 never executed
branch 45 never executed
call   46 never executed
branch 47 never executed
branch 48 never executed
call   49 never executed
branch 50 never executed
branch 51 never executed
call   52 never executed
branch 53 never executed
branch 54 never executed
call   55 never executed
branch 56 taken 100% (fallthrough)
branch 57 taken 0% (throw)
call   58 returned 100%
branch 59 taken 100%
branch 60 taken 0%
call   61 never executed
call   62 never executed
call   63 never executed
        2:  156:	ASSERT_EQ(edAC,  p2.first);
branch  0 taken 100% (fallthrough)
branch  1 taken 0% (throw)
call    2 returned 100%
call    3 returned 100%
branch  4 taken 0% (fallthrough)
branch  5 taken 100%
branch  6 never executed
branch  7 never executed
call    8 never executed
branch  9 never executed
branch 10 never executed
call   11 never executed
branch 12 never executed
branch 13 never executed
call   14 never executed
branch 15 never executed
branch 16 never executed
call   17 never executed
branch 18 never executed
branch 19 never executed
call   20 never executed
branch 21 never executed
branch 22 never executed
call   23 never executed
branch 24 taken 100% (fallthrough)
branch 25 taken 0% (throw)
call   26 returned 100%
branch 27 taken 100%
branch 28 taken 0%
call   29 never executed
call   30 never executed
call   31 never executed
branch 32 taken 100% (fallthrough)
branch 33 taken 0% (throw)
call   34 returned 100%
call   35 returned 100%
branch 36 taken 0% (fallthrough)
branch 37 taken 100%
branch 38 never executed
branch 39 never executed
call   40 never executed
branch 41 never executed
branch 42 never executed
call   43 never executed
branch 44 never executed
branch 45 never executed
call   46 never executed
branch 47 never executed
branch 48 never executed
call   49 never executed
branch 50 never executed
branch 51 never executed
call   52 never executed
branch 53 never executed
branch 54 never executed
call   55 never executed
branch 56 taken 100% (fallthrough)
branch 57 taken 0% (throw)
call   58 returned 100%
branch 59 taken 100%
branch 60 taken 0%
call   61 never executed
call   62 never executed
call   63 never executed
        2:  157:    ASSERT_EQ(false, p2.second);
branch  0 taken 100% (fallthrough)
branch  1 taken 0% (throw)
call    2 returned 100%
call    3 returned 100%
branch  4 taken 0% (fallthrough)
branch  5 taken 100%
branch  6 never executed
branch  7 never executed
call    8 never executed
branch  9 never executed
branch 10 never executed
call   11 never executed
branch 12 never executed
branch 13 never executed
call   14 never executed
branch 15 never executed
branch 16 never executed
call   17 never executed
branch 18 never executed
branch 19 never executed
call   20 never executed
branch 21 never executed
branch 22 never executed
call   23 never executed
branch 24 taken 100% (fallthrough)
branch 25 taken 0% (throw)
call   26 returned 100%
branch 27 taken 100%
branch 28 taken 0%
call   29 never executed
call   30 never executed
call   31 never executed
branch 32 taken 100% (fallthrough)
branch 33 taken 0% (throw)
call   34 returned 100%
call   35 returned 100%
branch 36 taken 0% (fallthrough)
branch 37 taken 100%
branch 38 never executed
branch 39 never executed
call   40 never executed
branch 41 never executed
branch 42 never executed
call   43 never executed
branch 44 never executed
branch 45 never executed
call   46 never executed
branch 47 never executed
branch 48 never executed
call   49 never executed
branch 50 never executed
branch 51 never executed
call   52 never executed
branch 53 never executed
branch 54 never executed
call   55 never executed
branch 56 taken 100% (fallthrough)
branch 57 taken 0% (throw)
call   58 returned 100%
branch 59 taken 100%
branch 60 taken 0%
call   61 never executed
call   62 never executed
call   63 never executed
        2:  158:    ASSERT_EQ(edBC,  p3.first);
branch  0 taken 100% (fallthrough)
branch  1 taken 0% (throw)
call    2 returned 100%
call    3 returned 100%
branch  4 taken 0% (fallthrough)
branch  5 taken 100%
branch  6 never executed
branch  7 never executed
call    8 never executed
branch  9 never executed
branch 10 never executed
call   11 never executed
branch 12 never executed
branch 13 never executed
call   14 never executed
branch 15 never executed
branch 16 never executed
call   17 never executed
branch 18 never executed
branch 19 never executed
call   20 never executed
branch 21 never executed
branch 22 never executed
call   23 never executed
branch 24 taken 100% (fallthrough)
branch 25 taken 0% (throw)
call   26 returned 100%
branch 27 taken 100%
branch 28 taken 0%
call   29 never executed
call   30 never executed
call   31 never executed
branch 32 taken 100% (fallthrough)
branch 33 taken 0% (throw)
call   34 returned 100%
call   35 returned 100%
branch 36 taken 0% (fallthrough)
branch 37 taken 100%
branch 38 never executed
branch 39 never executed
call   40 never executed
branch 41 never executed
branch 42 never executed
call   43 never executed
branch 44 never executed
branch 45 never executed
call   46 never executed
branch 47 never executed
branch 48 never executed
call   49 never executed
branch 50 never executed
branch 51 never executed
call   52 never executed
branch 53 never executed
branch 54 never executed
call   55 never executed
branch 56 taken 100% (fallthrough)
branch 57 taken 0% (throw)
call   58 returned 100%
branch 59 taken 100%
branch 60 taken 0%
call   61 never executed
call   62 never executed
call   63 never executed
        2:  159:    ASSERT_EQ(false, p3.second);}
branch  0 taken 100% (fallthrough)
branch  1 taken 0% (throw)
call    2 returned 100%
call    3 returned 100%
branch  4 taken 0% (fallthrough)
branch  5 taken 100%
branch  6 never executed
branch  7 never executed
call    8 never executed
branch  9 never executed
branch 10 never executed
call   11 never executed
branch 12 never executed
branch 13 never executed
call   14 never executed
branch 15 never executed
branch 16 never executed
call   17 never executed
branch 18 never executed
branch 19 never executed
call   20 never executed
branch 21 never executed
branch 22 never executed
call   23 never executed
branch 24 taken 100% (fallthrough)
branch 25 taken 0% (throw)
call   26 returned 100%
branch 27 taken 100%
branch 28 taken 0%
branch 29 taken 100% (fallthrough)
branch 30 taken 0% (throw)
call   31 returned 100%
branch 32 taken 100%
branch 33 taken 0%
call   34 never executed
call   35 never executed
call   36 never executed
call   37 never executed
call   38 never executed
branch 39 taken 100% (fallthrough)
branch 40 taken 0% (throw)
call   41 returned 100%
call   42 returned 100%
branch 43 taken 0% (fallthrough)
branch 44 taken 100%
branch 45 never executed
branch 46 never executed
call   47 never executed
branch 48 never executed
branch 49 never executed
call   50 never executed
branch 51 never executed
branch 52 never executed
call   53 never executed
branch 54 never executed
branch 55 never executed
call   56 never executed
branch 57 never executed
branch 58 never executed
call   59 never executed
branch 60 never executed
branch 61 never executed
call   62 never executed
branch 63 taken 100% (fallthrough)
branch 64 taken 0% (throw)
call   65 returned 100%
branch 66 taken 100%
branch 67 taken 0%
call   68 returned 100%
branch 69 taken 100%
branch 70 taken 0%
call   71 never executed
call   72 never executed
call   73 never executed
call   74 never executed
call   75 never executed
        -:  160:
function _ZN25TestGraph_Add_Edge_3_TestIN5boost14adjacency_listINS0_4setSENS0_4vecSENS0_9directedSENS0_11no_propertyES5_S5_NS0_5listSEEEE8TestBodyEv called 1 returned 100% blocks executed 36%
function _ZN25TestGraph_Add_Edge_3_TestI5GraphE8TestBodyEv called 1 returned 100% blocks executed 38%
function _ZN25TestGraph_Add_Edge_3_TestIN5boost14adjacency_listINS0_4setSENS0_4vecSENS0_9directedSENS0_11no_propertyES5_S5_NS0_5listSEEEED0Ev called 1 returned 100% blocks executed 100%
function _ZN25TestGraph_Add_Edge_3_TestIN5boost14adjacency_listINS0_4setSENS0_4vecSENS0_9directedSENS0_11no_propertyES5_S5_NS0_5listSEEEED2Ev called 1 returned 100% blocks executed 75%
function _ZN25TestGraph_Add_Edge_3_TestI5GraphED0Ev called 1 returned 100% blocks executed 100%
function _ZN25TestGraph_Add_Edge_3_TestI5GraphED2Ev called 1 returned 100% blocks executed 75%
function _ZN25TestGraph_Add_Edge_3_TestIN5boost14adjacency_listINS0_4setSENS0_4vecSENS0_9directedSENS0_11no_propertyES5_S5_NS0_5listSEEEEC2Ev called 1 returned 100% blocks executed 100%
function _ZN25TestGraph_Add_Edge_3_TestI5GraphEC2Ev called 1 returned 100% blocks executed 100%
        9:  161:TYPED_TEST(TestGraph, Add_Edge_3) {
call    0 returned 100%
call    1 returned 100%
call    2 returned 100%
branch  3 taken 0% (fallthrough)
branch  4 taken 100%
call    5 never executed
call    6 returned 100%
call    7 returned 100%
call    8 returned 100%
branch  9 taken 0% (fallthrough)
branch 10 taken 100%
call   11 never executed
call   12 returned 100%
call   13 returned 100%
call   14 returned 100%
        -:  162:    ALL_TYPES;
        -:  163:
        2:  164:    graph_type g;
branch  0 taken 100% (fallthrough)
branch  1 taken 0% (throw)
call    2 returned 100%
branch  3 taken 100% (fallthrough)
branch  4 taken 0% (throw)
call    5 returned 100%
branch  6 taken 100% (fallthrough)
branch  7 taken 0% (throw)
call    8 returned 100%
branch  9 taken 100% (fallthrough)
branch 10 taken 0% (throw)
call   11 returned 100%
branch 12 taken 100% (fallthrough)
branch 13 taken 0% (throw)
call   14 returned 100%
call   15 returned 100%
call   16 returned 100%
call   17 returned 100%
call   18 never executed
call   19 never executed
call   20 never executed
        -:  165:
        2:  166:    vertex_descriptor vdA = add_vertex(g);
branch  0 taken 100% (fallthrough)
branch  1 taken 0% (throw)
call    2 returned 100%
branch  3 taken 100% (fallthrough)
branch  4 taken 0% (throw)
call    5 returned 100%
        2:  167:    vertex_descriptor vdB = add_vertex(g);
branch  0 taken 100% (fallthrough)
branch  1 taken 0% (throw)
call    2 returned 100%
branch  3 taken 100% (fallthrough)
branch  4 taken 0% (throw)
call    5 returned 100%
        2:  168:    vertex_descriptor vdC = add_vertex(g);
branch  0 taken 100% (fallthrough)
branch  1 taken 0% (throw)
call    2 returned 100%
branch  3 taken 100% (fallthrough)
branch  4 taken 0% (throw)
call    5 returned 100%
        2:  169:    vertex_descriptor vdD = add_vertex(g);
branch  0 taken 100% (fallthrough)
branch  1 taken 0% (throw)
call    2 returned 100%
branch  3 taken 100% (fallthrough)
branch  4 taken 0% (throw)
call    5 returned 100%
        -:  170:
        2:  171:    edge_descriptor edAB = add_edge(vdA, vdB, g).first;
branch  0 taken 100% (fallthrough)
branch  1 taken 0% (throw)
call    2 returned 100%
branch  3 taken 100% (fallthrough)
branch  4 taken 0% (throw)
call    5 returned 100%
        2:  172:    edge_descriptor edCD = add_edge(vdC, vdD, g).first;
branch  0 taken 100% (fallthrough)
branch  1 taken 0% (throw)
call    2 returned 100%
branch  3 taken 100% (fallthrough)
branch  4 taken 0% (throw)
call    5 returned 100%
        -:  173:
        2:  174:    std::pair<edge_descriptor, bool> p1 = add_edge(vdA, vdB, g);
branch  0 taken 100% (fallthrough)
branch  1 taken 0% (throw)
call    2 returned 100%
branch  3 taken 100% (fallthrough)
branch  4 taken 0% (throw)
call    5 returned 100%
        2:  175:    std::pair<edge_descriptor, bool> p2 = add_edge(vdC, vdD, g);
branch  0 taken 100% (fallthrough)
branch  1 taken 0% (throw)
call    2 returned 100%
branch  3 taken 100% (fallthrough)
branch  4 taken 0% (throw)
call    5 returned 100%
        2:  176:    ASSERT_EQ(edAB,  p1.first);
branch  0 taken 100% (fallthrough)
branch  1 taken 0% (throw)
call    2 returned 100%
call    3 returned 100%
branch  4 taken 0% (fallthrough)
branch  5 taken 100%
branch  6 never executed
branch  7 never executed
call    8 never executed
branch  9 never executed
branch 10 never executed
call   11 never executed
branch 12 never executed
branch 13 never executed
call   14 never executed
branch 15 never executed
branch 16 never executed
call   17 never executed
branch 18 never executed
branch 19 never executed
call   20 never executed
branch 21 never executed
branch 22 never executed
call   23 never executed
branch 24 taken 100% (fallthrough)
branch 25 taken 0% (throw)
call   26 returned 100%
branch 27 taken 100%
branch 28 taken 0%
call   29 never executed
call   30 never executed
call   31 never executed
branch 32 taken 100% (fallthrough)
branch 33 taken 0% (throw)
call   34 returned 100%
call   35 returned 100%
branch 36 taken 0% (fallthrough)
branch 37 taken 100%
branch 38 never executed
branch 39 never executed
call   40 never executed
branch 41 never executed
branch 42 never executed
call   43 never executed
branch 44 never executed
branch 45 never executed
call   46 never executed
branch 47 never executed
branch 48 never executed
call   49 never executed
branch 50 never executed
branch 51 never executed
call   52 never executed
branch 53 never executed
branch 54 never executed
call   55 never executed
branch 56 taken 100% (fallthrough)
branch 57 taken 0% (throw)
call   58 returned 100%
branch 59 taken 100%
branch 60 taken 0%
call   61 never executed
call   62 never executed
call   63 never executed
        2:  177:    ASSERT_EQ(false, p1.second);
branch  0 taken 100% (fallthrough)
branch  1 taken 0% (throw)
call    2 returned 100%
call    3 returned 100%
branch  4 taken 0% (fallthrough)
branch  5 taken 100%
branch  6 never executed
branch  7 never executed
call    8 never executed
branch  9 never executed
branch 10 never executed
call   11 never executed
branch 12 never executed
branch 13 never executed
call   14 never executed
branch 15 never executed
branch 16 never executed
call   17 never executed
branch 18 never executed
branch 19 never executed
call   20 never executed
branch 21 never executed
branch 22 never executed
call   23 never executed
branch 24 taken 100% (fallthrough)
branch 25 taken 0% (throw)
call   26 returned 100%
branch 27 taken 100%
branch 28 taken 0%
call   29 never executed
call   30 never executed
call   31 never executed
branch 32 taken 100% (fallthrough)
branch 33 taken 0% (throw)
call   34 returned 100%
call   35 returned 100%
branch 36 taken 0% (fallthrough)
branch 37 taken 100%
branch 38 never executed
branch 39 never executed
call   40 never executed
branch 41 never executed
branch 42 never executed
call   43 never executed
branch 44 never executed
branch 45 never executed
call   46 never executed
branch 47 never executed
branch 48 never executed
call   49 never executed
branch 50 never executed
branch 51 never executed
call   52 never executed
branch 53 never executed
branch 54 never executed
call   55 never executed
branch 56 taken 100% (fallthrough)
branch 57 taken 0% (throw)
call   58 returned 100%
branch 59 taken 100%
branch 60 taken 0%
call   61 never executed
call   62 never executed
call   63 never executed
        2:  178:	ASSERT_EQ(edCD,  p2.first);
branch  0 taken 100% (fallthrough)
branch  1 taken 0% (throw)
call    2 returned 100%
call    3 returned 100%
branch  4 taken 0% (fallthrough)
branch  5 taken 100%
branch  6 never executed
branch  7 never executed
call    8 never executed
branch  9 never executed
branch 10 never executed
call   11 never executed
branch 12 never executed
branch 13 never executed
call   14 never executed
branch 15 never executed
branch 16 never executed
call   17 never executed
branch 18 never executed
branch 19 never executed
call   20 never executed
branch 21 never executed
branch 22 never executed
call   23 never executed
branch 24 taken 100% (fallthrough)
branch 25 taken 0% (throw)
call   26 returned 100%
branch 27 taken 100%
branch 28 taken 0%
call   29 never executed
call   30 never executed
call   31 never executed
branch 32 taken 100% (fallthrough)
branch 33 taken 0% (throw)
call   34 returned 100%
call   35 returned 100%
branch 36 taken 0% (fallthrough)
branch 37 taken 100%
branch 38 never executed
branch 39 never executed
call   40 never executed
branch 41 never executed
branch 42 never executed
call   43 never executed
branch 44 never executed
branch 45 never executed
call   46 never executed
branch 47 never executed
branch 48 never executed
call   49 never executed
branch 50 never executed
branch 51 never executed
call   52 never executed
branch 53 never executed
branch 54 never executed
call   55 never executed
branch 56 taken 100% (fallthrough)
branch 57 taken 0% (throw)
call   58 returned 100%
branch 59 taken 100%
branch 60 taken 0%
call   61 never executed
call   62 never executed
call   63 never executed
        2:  179:    ASSERT_EQ(false, p2.second);}
branch  0 taken 100% (fallthrough)
branch  1 taken 0% (throw)
call    2 returned 100%
call    3 returned 100%
branch  4 taken 0% (fallthrough)
branch  5 taken 100%
branch  6 never executed
branch  7 never executed
call    8 never executed
branch  9 never executed
branch 10 never executed
call   11 never executed
branch 12 never executed
branch 13 never executed
call   14 never executed
branch 15 never executed
branch 16 never executed
call   17 never executed
branch 18 never executed
branch 19 never executed
call   20 never executed
branch 21 never executed
branch 22 never executed
call   23 never executed
branch 24 taken 100% (fallthrough)
branch 25 taken 0% (throw)
call   26 returned 100%
branch 27 taken 100%
branch 28 taken 0%
branch 29 taken 100% (fallthrough)
branch 30 taken 0% (throw)
call   31 returned 100%
branch 32 taken 100%
branch 33 taken 0%
call   34 never executed
call   35 never executed
call   36 never executed
call   37 never executed
call   38 never executed
branch 39 taken 100% (fallthrough)
branch 40 taken 0% (throw)
call   41 returned 100%
call   42 returned 100%
branch 43 taken 0% (fallthrough)
branch 44 taken 100%
branch 45 never executed
branch 46 never executed
call   47 never executed
branch 48 never executed
branch 49 never executed
call   50 never executed
branch 51 never executed
branch 52 never executed
call   53 never executed
branch 54 never executed
branch 55 never executed
call   56 never executed
branch 57 never executed
branch 58 never executed
call   59 never executed
branch 60 never executed
branch 61 never executed
call   62 never executed
branch 63 taken 100% (fallthrough)
branch 64 taken 0% (throw)
call   65 returned 100%
branch 66 taken 100%
branch 67 taken 0%
call   68 returned 100%
branch 69 taken 100%
branch 70 taken 0%
call   71 never executed
call   72 never executed
call   73 never executed
call   74 never executed
call   75 never executed
        -:  180:
function _ZN27TestGraph_Add_Vertex_1_TestIN5boost14adjacency_listINS0_4setSENS0_4vecSENS0_9directedSENS0_11no_propertyES5_S5_NS0_5listSEEEE8TestBodyEv called 1 returned 100% blocks executed 38%
function _ZN27TestGraph_Add_Vertex_1_TestI5GraphE8TestBodyEv called 1 returned 100% blocks executed 42%
function _ZN27TestGraph_Add_Vertex_1_TestIN5boost14adjacency_listINS0_4setSENS0_4vecSENS0_9directedSENS0_11no_propertyES5_S5_NS0_5listSEEEED0Ev called 1 returned 100% blocks executed 100%
function _ZN27TestGraph_Add_Vertex_1_TestIN5boost14adjacency_listINS0_4setSENS0_4vecSENS0_9directedSENS0_11no_propertyES5_S5_NS0_5listSEEEED2Ev called 1 returned 100% blocks executed 75%
function _ZN27TestGraph_Add_Vertex_1_TestI5GraphED0Ev called 1 returned 100% blocks executed 100%
function _ZN27TestGraph_Add_Vertex_1_TestI5GraphED2Ev called 1 returned 100% blocks executed 75%
function _ZN27TestGraph_Add_Vertex_1_TestIN5boost14adjacency_listINS0_4setSENS0_4vecSENS0_9directedSENS0_11no_propertyES5_S5_NS0_5listSEEEEC2Ev called 1 returned 100% blocks executed 100%
function _ZN27TestGraph_Add_Vertex_1_TestI5GraphEC2Ev called 1 returned 100% blocks executed 100%
        9:  181:TYPED_TEST(TestGraph, Add_Vertex_1) {
call    0 returned 100%
call    1 returned 100%
call    2 returned 100%
branch  3 taken 0% (fallthrough)
branch  4 taken 100%
call    5 never executed
call    6 returned 100%
call    7 returned 100%
call    8 returned 100%
branch  9 taken 0% (fallthrough)
branch 10 taken 100%
call   11 never executed
call   12 returned 100%
call   13 returned 100%
call   14 returned 100%
        -:  182:    ALL_TYPES;
        -:  183:
        2:  184:    graph_type g;
branch  0 taken 100% (fallthrough)
branch  1 taken 0% (throw)
call    2 returned 100%
branch  3 taken 100% (fallthrough)
branch  4 taken 0% (throw)
call    5 returned 100%
branch  6 taken 100% (fallthrough)
branch  7 taken 0% (throw)
call    8 returned 100%
branch  9 taken 100% (fallthrough)
branch 10 taken 0% (throw)
call   11 returned 100%
branch 12 taken 100% (fallthrough)
branch 13 taken 0% (throw)
call   14 returned 100%
call   15 returned 100%
call   16 returned 100%
call   17 returned 100%
call   18 never executed
call   19 never executed
call   20 never executed
        -:  185:
        2:  186:    vertex_descriptor vdA = add_vertex(g);
branch  0 taken 100% (fallthrough)
branch  1 taken 0% (throw)
call    2 returned 100%
branch  3 taken 100% (fallthrough)
branch  4 taken 0% (throw)
call    5 returned 100%
        2:  187:    ASSERT_EQ(vdA, 0);}
branch  0 taken 100% (fallthrough)
branch  1 taken 0% (throw)
call    2 returned 100%
call    3 returned 100%
branch  4 taken 0% (fallthrough)
branch  5 taken 100%
branch  6 never executed
branch  7 never executed
call    8 never executed
branch  9 never executed
branch 10 never executed
call   11 never executed
branch 12 never executed
branch 13 never executed
call   14 never executed
branch 15 never executed
branch 16 never executed
call   17 never executed
branch 18 never executed
branch 19 never executed
call   20 never executed
branch 21 never executed
branch 22 never executed
call   23 never executed
branch 24 taken 100% (fallthrough)
branch 25 taken 0% (throw)
call   26 returned 100%
branch 27 taken 100%
branch 28 taken 0%
branch 29 taken 100% (fallthrough)
branch 30 taken 0% (throw)
call   31 returned 100%
branch 32 taken 100%
branch 33 taken 0%
call   34 never executed
call   35 never executed
call   36 never executed
call   37 never executed
call   38 never executed
branch 39 taken 100% (fallthrough)
branch 40 taken 0% (throw)
call   41 returned 100%
call   42 returned 100%
branch 43 taken 0% (fallthrough)
branch 44 taken 100%
branch 45 never executed
branch 46 never executed
call   47 never executed
branch 48 never executed
branch 49 never executed
call   50 never executed
branch 51 never executed
branch 52 never executed
call   53 never executed
branch 54 never executed
branch 55 never executed
call   56 never executed
branch 57 never executed
branch 58 never executed
call   59 never executed
branch 60 never executed
branch 61 never executed
call   62 never executed
branch 63 taken 100% (fallthrough)
branch 64 taken 0% (throw)
call   65 returned 100%
branch 66 taken 100%
branch 67 taken 0%
call   68 returned 100%
branch 69 taken 100%
branch 70 taken 0%
call   71 never executed
call   72 never executed
call   73 never executed
call   74 never executed
call   75 never executed
        -:  188:
function _ZN27TestGraph_Add_Vertex_2_TestIN5boost14adjacency_listINS0_4setSENS0_4vecSENS0_9directedSENS0_11no_propertyES5_S5_NS0_5listSEEEE8TestBodyEv called 1 returned 100% blocks executed 35%
function _ZN27TestGraph_Add_Vertex_2_TestI5GraphE8TestBodyEv called 1 returned 100% blocks executed 38%
function _ZN27TestGraph_Add_Vertex_2_TestIN5boost14adjacency_listINS0_4setSENS0_4vecSENS0_9directedSENS0_11no_propertyES5_S5_NS0_5listSEEEED0Ev called 1 returned 100% blocks executed 100%
function _ZN27TestGraph_Add_Vertex_2_TestIN5boost14adjacency_listINS0_4setSENS0_4vecSENS0_9directedSENS0_11no_propertyES5_S5_NS0_5listSEEEED2Ev called 1 returned 100% blocks executed 75%
function _ZN27TestGraph_Add_Vertex_2_TestI5GraphED0Ev called 1 returned 100% blocks executed 100%
function _ZN27TestGraph_Add_Vertex_2_TestI5GraphED2Ev called 1 returned 100% blocks executed 75%
function _ZN27TestGraph_Add_Vertex_2_TestIN5boost14adjacency_listINS0_4setSENS0_4vecSENS0_9directedSENS0_11no_propertyES5_S5_NS0_5listSEEEEC2Ev called 1 returned 100% blocks executed 100%
function _ZN27TestGraph_Add_Vertex_2_TestI5GraphEC2Ev called 1 returned 100% blocks executed 100%
        9:  189:TYPED_TEST(TestGraph, Add_Vertex_2) {
call    0 returned 100%
call    1 returned 100%
call    2 returned 100%
branch  3 taken 0% (fallthrough)
branch  4 taken 100%
call    5 never executed
call    6 returned 100%
call    7 returned 100%
call    8 returned 100%
branch  9 taken 0% (fallthrough)
branch 10 taken 100%
call   11 never executed
call   12 returned 100%
call   13 returned 100%
call   14 returned 100%
        -:  190:    ALL_TYPES;
        -:  191:
        2:  192:    graph_type g;
branch  0 taken 100% (fallthrough)
branch  1 taken 0% (throw)
call    2 returned 100%
branch  3 taken 100% (fallthrough)
branch  4 taken 0% (throw)
call    5 returned 100%
branch  6 taken 100% (fallthrough)
branch  7 taken 0% (throw)
call    8 returned 100%
branch  9 taken 100% (fallthrough)
branch 10 taken 0% (throw)
call   11 returned 100%
branch 12 taken 100% (fallthrough)
branch 13 taken 0% (throw)
call   14 returned 100%
call   15 returned 100%
call   16 returned 100%
call   17 returned 100%
call   18 never executed
call   19 never executed
call   20 never executed
        -:  193:
        2:  194:    vertex_descriptor vdA = add_vertex(g);
branch  0 taken 100% (fallthrough)
branch  1 taken 0% (throw)
call    2 returned 100%
branch  3 taken 100% (fallthrough)
branch  4 taken 0% (throw)
call    5 returned 100%
        2:  195:    ASSERT_EQ(vdA, 0);
branch  0 taken 100% (fallthrough)
branch  1 taken 0% (throw)
call    2 returned 100%
call    3 returned 100%
branch  4 taken 0% (fallthrough)
branch  5 taken 100%
branch  6 never executed
branch  7 never executed
call    8 never executed
branch  9 never executed
branch 10 never executed
call   11 never executed
branch 12 never executed
branch 13 never executed
call   14 never executed
branch 15 never executed
branch 16 never executed
call   17 never executed
branch 18 never executed
branch 19 never executed
call   20 never executed
branch 21 never executed
branch 22 never executed
call   23 never executed
branch 24 taken 100% (fallthrough)
branch 25 taken 0% (throw)
call   26 returned 100%
branch 27 taken 100%
branch 28 taken 0%
call   29 never executed
call   30 never executed
call   31 never executed
branch 32 taken 100% (fallthrough)
branch 33 taken 0% (throw)
call   34 returned 100%
call   35 returned 100%
branch 36 taken 0% (fallthrough)
branch 37 taken 100%
branch 38 never executed
branch 39 never executed
call   40 never executed
branch 41 never executed
branch 42 never executed
call   43 never executed
branch 44 never executed
branch 45 never executed
call   46 never executed
branch 47 never executed
branch 48 never executed
call   49 never executed
branch 50 never executed
branch 51 never executed
call   52 never executed
branch 53 never executed
branch 54 never executed
call   55 never executed
branch 56 taken 100% (fallthrough)
branch 57 taken 0% (throw)
call   58 returned 100%
branch 59 taken 100%
branch 60 taken 0%
call   61 never executed
call   62 never executed
call   63 never executed
        -:  196:
        2:  197:    vertex_descriptor vdB = add_vertex(g);
branch  0 taken 100% (fallthrough)
branch  1 taken 0% (throw)
call    2 returned 100%
branch  3 taken 100% (fallthrough)
branch  4 taken 0% (throw)
call    5 returned 100%
        2:  198:    ASSERT_EQ(vdB, 1);}
branch  0 taken 100% (fallthrough)
branch  1 taken 0% (throw)
call    2 returned 100%
call    3 returned 100%
branch  4 taken 0% (fallthrough)
branch  5 taken 100%
branch  6 never executed
branch  7 never executed
call    8 never executed
branch  9 never executed
branch 10 never executed
call   11 never executed
branch 12 never executed
branch 13 never executed
call   14 never executed
branch 15 never executed
branch 16 never executed
call   17 never executed
branch 18 never executed
branch 19 never executed
call   20 never executed
branch 21 never executed
branch 22 never executed
call   23 never executed
branch 24 taken 100% (fallthrough)
branch 25 taken 0% (throw)
call   26 returned 100%
branch 27 taken 100%
branch 28 taken 0%
branch 29 taken 100% (fallthrough)
branch 30 taken 0% (throw)
call   31 returned 100%
branch 32 taken 100%
branch 33 taken 0%
call   34 never executed
call   35 never executed
call   36 never executed
call   37 never executed
call   38 never executed
branch 39 taken 100% (fallthrough)
branch 40 taken 0% (throw)
call   41 returned 100%
call   42 returned 100%
branch 43 taken 0% (fallthrough)
branch 44 taken 100%
branch 45 never executed
branch 46 never executed
call   47 never executed
branch 48 never executed
branch 49 never executed
call   50 never executed
branch 51 never executed
branch 52 never executed
call   53 never executed
branch 54 never executed
branch 55 never executed
call   56 never executed
branch 57 never executed
branch 58 never executed
call   59 never executed
branch 60 never executed
branch 61 never executed
call   62 never executed
branch 63 taken 100% (fallthrough)
branch 64 taken 0% (throw)
call   65 returned 100%
branch 66 taken 100%
branch 67 taken 0%
call   68 returned 100%
branch 69 taken 100%
branch 70 taken 0%
call   71 never executed
call   72 never executed
call   73 never executed
call   74 never executed
call   75 never executed
        -:  199:
function _ZN27TestGraph_Add_Vertex_3_TestIN5boost14adjacency_listINS0_4setSENS0_4vecSENS0_9directedSENS0_11no_propertyES5_S5_NS0_5listSEEEE8TestBodyEv called 1 returned 100% blocks executed 33%
function _ZN27TestGraph_Add_Vertex_3_TestI5GraphE8TestBodyEv called 1 returned 100% blocks executed 35%
function _ZN27TestGraph_Add_Vertex_3_TestIN5boost14adjacency_listINS0_4setSENS0_4vecSENS0_9directedSENS0_11no_propertyES5_S5_NS0_5listSEEEED0Ev called 1 returned 100% blocks executed 100%
function _ZN27TestGraph_Add_Vertex_3_TestIN5boost14adjacency_listINS0_4setSENS0_4vecSENS0_9directedSENS0_11no_propertyES5_S5_NS0_5listSEEEED2Ev called 1 returned 100% blocks executed 75%
function _ZN27TestGraph_Add_Vertex_3_TestI5GraphED0Ev called 1 returned 100% blocks executed 100%
function _ZN27TestGraph_Add_Vertex_3_TestI5GraphED2Ev called 1 returned 100% blocks executed 75%
function _ZN27TestGraph_Add_Vertex_3_TestIN5boost14adjacency_listINS0_4setSENS0_4vecSENS0_9directedSENS0_11no_propertyES5_S5_NS0_5listSEEEEC2Ev called 1 returned 100% blocks executed 100%
function _ZN27TestGraph_Add_Vertex_3_TestI5GraphEC2Ev called 1 returned 100% blocks executed 100%
        9:  200:TYPED_TEST(TestGraph, Add_Vertex_3) {
call    0 returned 100%
call    1 returned 100%
call    2 returned 100%
branch  3 taken 0% (fallthrough)
branch  4 taken 100%
call    5 never executed
call    6 returned 100%
call    7 returned 100%
call    8 returned 100%
branch  9 taken 0% (fallthrough)
branch 10 taken 100%
call   11 never executed
call   12 returned 100%
call   13 returned 100%
call   14 returned 100%
        -:  201:    ALL_TYPES;
        -:  202:
        2:  203:    graph_type g;
branch  0 taken 100% (fallthrough)
branch  1 taken 0% (throw)
call    2 returned 100%
branch  3 taken 100% (fallthrough)
branch  4 taken 0% (throw)
call    5 returned 100%
branch  6 taken 100% (fallthrough)
branch  7 taken 0% (throw)
call    8 returned 100%
branch  9 taken 100% (fallthrough)
branch 10 taken 0% (throw)
call   11 returned 100%
branch 12 taken 100% (fallthrough)
branch 13 taken 0% (throw)
call   14 returned 100%
call   15 returned 100%
call   16 returned 100%
call   17 returned 100%
call   18 never executed
call   19 never executed
call   20 never executed
        -:  204:
        2:  205:    vertex_descriptor vdA = add_vertex(g);
branch  0 taken 100% (fallthrough)
branch  1 taken 0% (throw)
call    2 returned 100%
branch  3 taken 100% (fallthrough)
branch  4 taken 0% (throw)
call    5 returned 100%
        2:  206:    ASSERT_EQ(vdA, 0);
branch  0 taken 100% (fallthrough)
branch  1 taken 0% (throw)
call    2 returned 100%
call    3 returned 100%
branch  4 taken 0% (fallthrough)
branch  5 taken 100%
branch  6 never executed
branch  7 never executed
call    8 never executed
branch  9 never executed
branch 10 never executed
call   11 never executed
branch 12 never executed
branch 13 never executed
call   14 never executed
branch 15 never executed
branch 16 never executed
call   17 never executed
branch 18 never executed
branch 19 never executed
call   20 never executed
branch 21 never executed
branch 22 never executed
call   23 never executed
branch 24 taken 100% (fallthrough)
branch 25 taken 0% (throw)
call   26 returned 100%
branch 27 taken 100%
branch 28 taken 0%
call   29 never executed
call   30 never executed
call   31 never executed
branch 32 taken 100% (fallthrough)
branch 33 taken 0% (throw)
call   34 returned 100%
call   35 returned 100%
branch 36 taken 0% (fallthrough)
branch 37 taken 100%
branch 38 never executed
branch 39 never executed
call   40 never executed
branch 41 never executed
branch 42 never executed
call   43 never executed
branch 44 never executed
branch 45 never executed
call   46 never executed
branch 47 never executed
branch 48 never executed
call   49 never executed
branch 50 never executed
branch 51 never executed
call   52 never executed
branch 53 never executed
branch 54 never executed
call   55 never executed
branch 56 taken 100% (fallthrough)
branch 57 taken 0% (throw)
call   58 returned 100%
branch 59 taken 100%
branch 60 taken 0%
call   61 never executed
call   62 never executed
call   63 never executed
        -:  207:
        2:  208:    vertex_descriptor vdB = add_vertex(g);
branch  0 taken 100% (fallthrough)
branch  1 taken 0% (throw)
call    2 returned 100%
branch  3 taken 100% (fallthrough)
branch  4 taken 0% (throw)
call    5 returned 100%
        2:  209:    ASSERT_EQ(vdB, 1);
branch  0 taken 100% (fallthrough)
branch  1 taken 0% (throw)
call    2 returned 100%
call    3 returned 100%
branch  4 taken 0% (fallthrough)
branch  5 taken 100%
branch  6 never executed
branch  7 never executed
call    8 never executed
branch  9 never executed
branch 10 never executed
call   11 never executed
branch 12 never executed
branch 13 never executed
call   14 never executed
branch 15 never executed
branch 16 never executed
call   17 never executed
branch 18 never executed
branch 19 never executed
call   20 never executed
branch 21 never executed
branch 22 never executed
call   23 never executed
branch 24 taken 100% (fallthrough)
branch 25 taken 0% (throw)
call   26 returned 100%
branch 27 taken 100%
branch 28 taken 0%
call   29 never executed
call   30 never executed
call   31 never executed
branch 32 taken 100% (fallthrough)
branch 33 taken 0% (throw)
call   34 returned 100%
call   35 returned 100%
branch 36 taken 0% (fallthrough)
branch 37 taken 100%
branch 38 never executed
branch 39 never executed
call   40 never executed
branch 41 never executed
branch 42 never executed
call   43 never executed
branch 44 never executed
branch 45 never executed
call   46 never executed
branch 47 never executed
branch 48 never executed
call   49 never executed
branch 50 never executed
branch 51 never executed
call   52 never executed
branch 53 never executed
branch 54 never executed
call   55 never executed
branch 56 taken 100% (fallthrough)
branch 57 taken 0% (throw)
call   58 returned 100%
branch 59 taken 100%
branch 60 taken 0%
call   61 never executed
call   62 never executed
call   63 never executed
        -:  210:
        2:  211:    vertex_descriptor vdC = add_vertex(g);
branch  0 taken 100% (fallthrough)
branch  1 taken 0% (throw)
call    2 returned 100%
branch  3 taken 100% (fallthrough)
branch  4 taken 0% (throw)
call    5 returned 100%
        2:  212:    ASSERT_EQ(vdC, 2);
branch  0 taken 100% (fallthrough)
branch  1 taken 0% (throw)
call    2 returned 100%
call    3 returned 100%
branch  4 taken 0% (fallthrough)
branch  5 taken 100%
branch  6 never executed
branch  7 never executed
call    8 never executed
branch  9 never executed
branch 10 never executed
call   11 never executed
branch 12 never executed
branch 13 never executed
call   14 never executed
branch 15 never executed
branch 16 never executed
call   17 never executed
branch 18 never executed
branch 19 never executed
call   20 never executed
branch 21 never executed
branch 22 never executed
call   23 never executed
branch 24 taken 100% (fallthrough)
branch 25 taken 0% (throw)
call   26 returned 100%
branch 27 taken 100%
branch 28 taken 0%
call   29 never executed
call   30 never executed
call   31 never executed
branch 32 taken 100% (fallthrough)
branch 33 taken 0% (throw)
call   34 returned 100%
call   35 returned 100%
branch 36 taken 0% (fallthrough)
branch 37 taken 100%
branch 38 never executed
branch 39 never executed
call   40 never executed
branch 41 never executed
branch 42 never executed
call   43 never executed
branch 44 never executed
branch 45 never executed
call   46 never executed
branch 47 never executed
branch 48 never executed
call   49 never executed
branch 50 never executed
branch 51 never executed
call   52 never executed
branch 53 never executed
branch 54 never executed
call   55 never executed
branch 56 taken 100% (fallthrough)
branch 57 taken 0% (throw)
call   58 returned 100%
branch 59 taken 100%
branch 60 taken 0%
call   61 never executed
call   62 never executed
call   63 never executed
        -:  213:
        2:  214:    vertex_descriptor vdD = add_vertex(g);
branch  0 taken 100% (fallthrough)
branch  1 taken 0% (throw)
call    2 returned 100%
branch  3 taken 100% (fallthrough)
branch  4 taken 0% (throw)
call    5 returned 100%
        2:  215:    ASSERT_EQ(vdD, 3);}
branch  0 taken 100% (fallthrough)
branch  1 taken 0% (throw)
call    2 returned 100%
call    3 returned 100%
branch  4 taken 0% (fallthrough)
branch  5 taken 100%
branch  6 never executed
branch  7 never executed
call    8 never executed
branch  9 never executed
branch 10 never executed
call   11 never executed
branch 12 never executed
branch 13 never executed
call   14 never executed
branch 15 never executed
branch 16 never executed
call   17 never executed
branch 18 never executed
branch 19 never executed
call   20 never executed
branch 21 never executed
branch 22 never executed
call   23 never executed
branch 24 taken 100% (fallthrough)
branch 25 taken 0% (throw)
call   26 returned 100%
branch 27 taken 100%
branch 28 taken 0%
branch 29 taken 100% (fallthrough)
branch 30 taken 0% (throw)
call   31 returned 100%
branch 32 taken 100%
branch 33 taken 0%
call   34 never executed
call   35 never executed
call   36 never executed
call   37 never executed
call   38 never executed
branch 39 taken 100% (fallthrough)
branch 40 taken 0% (throw)
call   41 returned 100%
call   42 returned 100%
branch 43 taken 0% (fallthrough)
branch 44 taken 100%
branch 45 never executed
branch 46 never executed
call   47 never executed
branch 48 never executed
branch 49 never executed
call   50 never executed
branch 51 never executed
branch 52 never executed
call   53 never executed
branch 54 never executed
branch 55 never executed
call   56 never executed
branch 57 never executed
branch 58 never executed
call   59 never executed
branch 60 never executed
branch 61 never executed
call   62 never executed
branch 63 taken 100% (fallthrough)
branch 64 taken 0% (throw)
call   65 returned 100%
branch 66 taken 100%
branch 67 taken 0%
call   68 returned 100%
branch 69 taken 100%
branch 70 taken 0%
call   71 never executed
call   72 never executed
call   73 never executed
call   74 never executed
call   75 never executed
        -:  216:
function _ZN21TestGraph_Edge_1_TestIN5boost14adjacency_listINS0_4setSENS0_4vecSENS0_9directedSENS0_11no_propertyES5_S5_NS0_5listSEEEE8TestBodyEv called 1 returned 100% blocks executed 36%
function _ZN21TestGraph_Edge_1_TestI5GraphE8TestBodyEv called 1 returned 100% blocks executed 39%
function _ZN21TestGraph_Edge_1_TestIN5boost14adjacency_listINS0_4setSENS0_4vecSENS0_9directedSENS0_11no_propertyES5_S5_NS0_5listSEEEED0Ev called 1 returned 100% blocks executed 100%
function _ZN21TestGraph_Edge_1_TestIN5boost14adjacency_listINS0_4setSENS0_4vecSENS0_9directedSENS0_11no_propertyES5_S5_NS0_5listSEEEED2Ev called 1 returned 100% blocks executed 75%
function _ZN21TestGraph_Edge_1_TestI5GraphED0Ev called 1 returned 100% blocks executed 100%
function _ZN21TestGraph_Edge_1_TestI5GraphED2Ev called 1 returned 100% blocks executed 75%
function _ZN21TestGraph_Edge_1_TestIN5boost14adjacency_listINS0_4setSENS0_4vecSENS0_9directedSENS0_11no_propertyES5_S5_NS0_5listSEEEEC2Ev called 1 returned 100% blocks executed 100%
function _ZN21TestGraph_Edge_1_TestI5GraphEC2Ev called 1 returned 100% blocks executed 100%
        9:  217: TYPED_TEST(TestGraph, Edge_1){
call    0 returned 100%
call    1 returned 100%
call    2 returned 100%
branch  3 taken 0% (fallthrough)
branch  4 taken 100%
call    5 never executed
call    6 returned 100%
call    7 returned 100%
call    8 returned 100%
branch  9 taken 0% (fallthrough)
branch 10 taken 100%
call   11 never executed
call   12 returned 100%
call   13 returned 100%
call   14 returned 100%
        -:  218:    ALL_TYPES;
        2:  219:    graph_type g;
branch  0 taken 100% (fallthrough)
branch  1 taken 0% (throw)
call    2 returned 100%
branch  3 taken 100% (fallthrough)
branch  4 taken 0% (throw)
call    5 returned 100%
branch  6 taken 100% (fallthrough)
branch  7 taken 0% (throw)
call    8 returned 100%
branch  9 taken 100% (fallthrough)
branch 10 taken 0% (throw)
call   11 returned 100%
branch 12 taken 100% (fallthrough)
branch 13 taken 0% (throw)
call   14 returned 100%
call   15 returned 100%
call   16 returned 100%
call   17 returned 100%
call   18 never executed
call   19 never executed
call   20 never executed
        -:  220:
        2:  221:    vertex_descriptor vdA = add_vertex(g);
branch  0 taken 100% (fallthrough)
branch  1 taken 0% (throw)
call    2 returned 100%
branch  3 taken 100% (fallthrough)
branch  4 taken 0% (throw)
call    5 returned 100%
        2:  222:    vertex_descriptor vdB = add_vertex(g);
branch  0 taken 100% (fallthrough)
branch  1 taken 0% (throw)
call    2 returned 100%
branch  3 taken 100% (fallthrough)
branch  4 taken 0% (throw)
call    5 returned 100%
        -:  223:
        2:  224:    edge_descriptor edAB = add_edge(vdA, vdB, g).first;
branch  0 taken 100% (fallthrough)
branch  1 taken 0% (throw)
call    2 returned 100%
branch  3 taken 100% (fallthrough)
branch  4 taken 0% (throw)
call    5 returned 100%
        2:  225:    ASSERT_TRUE(edge(vdA, vdB, g).second);
branch  0 taken 100% (fallthrough)
branch  1 taken 0% (throw)
call    2 returned 100%
branch  3 taken 100% (fallthrough)
branch  4 taken 0% (throw)
call    5 returned 100%
call    6 returned 100%
branch  7 taken 0% (fallthrough)
branch  8 taken 100%
branch  9 never executed
branch 10 never executed
call   11 never executed
branch 12 never executed
branch 13 never executed
call   14 never executed
call   15 never executed
branch 16 never executed
branch 17 never executed
call   18 never executed
branch 19 never executed
branch 20 never executed
call   21 never executed
branch 22 never executed
branch 23 never executed
call   24 never executed
call   25 never executed
[...]
branch  4 taken 0% (throw)
call    5 returned 100%
branch  6 taken 100% (fallthrough)
branch  7 taken 0% (throw)
call    8 returned 100%
branch  9 taken 100% (fallthrough)
branch 10 taken 0% (throw)
call   11 returned 100%
branch 12 taken 100% (fallthrough)
branch 13 taken 0% (throw)
call   14 returned 100%
call   15 returned 100%
call   16 returned 100%
call   17 returned 100%
call   18 never executed
call   19 never executed
call   20 never executed
        -:  531:
        2:  532:    vertex_descriptor vdA = add_vertex(g);
branch  0 taken 100% (fallthrough)
branch  1 taken 0% (throw)
call    2 returned 100%
branch  3 taken 100% (fallthrough)
branch  4 taken 0% (throw)
call    5 returned 100%
        2:  533:    vertex_descriptor vdB = add_vertex(g);
branch  0 taken 100% (fallthrough)
branch  1 taken 0% (throw)
call    2 returned 100%
branch  3 taken 100% (fallthrough)
branch  4 taken 0% (throw)
call    5 returned 100%
        2:  534:    vertex_descriptor vdC = add_vertex(g);
branch  0 taken 100% (fallthrough)
branch  1 taken 0% (throw)
call    2 returned 100%
branch  3 taken 100% (fallthrough)
branch  4 taken 0% (throw)
call    5 returned 100%
        -:  535:
        2:  536:    add_edge(vdA, vdB, g);
branch  0 taken 100% (fallthrough)
branch  1 taken 0% (throw)
call    2 returned 100%
branch  3 taken 100% (fallthrough)
branch  4 taken 0% (throw)
call    5 returned 100%
        2:  537:    add_edge(vdA, vdC, g);
branch  0 taken 100% (fallthrough)
branch  1 taken 0% (throw)
call    2 returned 100%
branch  3 taken 100% (fallthrough)
branch  4 taken 0% (throw)
call    5 returned 100%
        -:  538:
        2:  539:    std::pair<adjacency_iterator, adjacency_iterator> p = adjacent_vertices(vdA, g);
branch  0 taken 100% (fallthrough)
branch  1 taken 0% (throw)
call    2 returned 100%
branch  3 taken 100% (fallthrough)
branch  4 taken 0% (throw)
call    5 returned 100%
        2:  540:    adjacency_iterator b = p.first;
        2:  541:    adjacency_iterator e = p.second;
        2:  542:    if (b != e) {
branch  0 taken 100% (fallthrough)
branch  1 taken 0% (throw)
call    2 returned 100%
branch  3 taken 100% (fallthrough)
branch  4 taken 0%
call    5 returned 100%
branch  6 taken 100% (fallthrough)
branch  7 taken 0%
        2:  543:        vertex_descriptor vd = *b;
branch  0 taken 100% (fallthrough)
branch  1 taken 0% (throw)
call    2 returned 100%
call    3 returned 100%
        2:  544:        ASSERT_EQ(vdB, vd);}
branch  0 taken 100% (fallthrough)
branch  1 taken 0% (throw)
call    2 returned 100%
call    3 returned 100%
branch  4 taken 0% (fallthrough)
branch  5 taken 100%
branch  6 never executed
branch  7 never executed
call    8 never executed
branch  9 never executed
branch 10 never executed
call   11 never executed
branch 12 never executed
branch 13 never executed
call   14 never executed
branch 15 never executed
branch 16 never executed
call   17 never executed
branch 18 never executed
branch 19 never executed
call   20 never executed
branch 21 never executed
branch 22 never executed
call   23 never executed
branch 24 taken 100% (fallthrough)
branch 25 taken 0% (throw)
call   26 returned 100%
branch 27 taken 100%
branch 28 taken 0%
call   29 never executed
call   30 never executed
call   31 never executed
branch 32 taken 100% (fallthrough)
branch 33 taken 0% (throw)
call   34 returned 100%
call   35 returned 100%
branch 36 taken 0% (fallthrough)
branch 37 taken 100%
branch 38 never executed
branch 39 never executed
call   40 never executed
branch 41 never executed
branch 42 never executed
call   43 never executed
branch 44 never executed
branch 45 never executed
call   46 never executed
branch 47 never executed
branch 48 never executed
call   49 never executed
branch 50 never executed
branch 51 never executed
call   52 never executed
branch 53 never executed
branch 54 never executed
call   55 never executed
branch 56 taken 100% (fallthrough)
branch 57 taken 0% (throw)
call   58 returned 100%
branch 59 taken 100%
branch 60 taken 0%
call   61 never executed
call   62 never executed
call   63 never executed
        2:  545:    ++b;
branch  0 taken 100% (fallthrough)
branch  1 taken 0% (throw)
call    2 returned 100%
call    3 returned 100%
        2:  546:    if (b != e) {
branch  0 taken 100% (fallthrough)
branch  1 taken 0% (throw)
call    2 returned 100%
branch  3 taken 100% (fallthrough)
branch  4 taken 0%
call    5 returned 100%
branch  6 taken 100% (fallthrough)
branch  7 taken 0%
        2:  547:        vertex_descriptor vd = *b;
branch  0 taken 100% (fallthrough)
branch  1 taken 0% (throw)
call    2 returned 100%
call    3 returned 100%
        2:  548:        ASSERT_EQ(vdC, vd);}
branch  0 taken 100% (fallthrough)
branch  1 taken 0% (throw)
call    2 returned 100%
call    3 returned 100%
branch  4 taken 0% (fallthrough)
branch  5 taken 100%
branch  6 never executed
branch  7 never executed
call    8 never executed
branch  9 never executed
branch 10 never executed
call   11 never executed
branch 12 never executed
branch 13 never executed
call   14 never executed
branch 15 never executed
branch 16 never executed
call   17 never executed
branch 18 never executed
branch 19 never executed
call   20 never executed
branch 21 never executed
branch 22 never executed
call   23 never executed
branch 24 taken 100% (fallthrough)
branch 25 taken 0% (throw)
call   26 returned 100%
branch 27 taken 100%
branch 28 taken 0%
call   29 never executed
call   30 never executed
call   31 never executed
branch 32 taken 100% (fallthrough)
branch 33 taken 0% (throw)
call   34 returned 100%
call   35 returned 100%
branch 36 taken 0% (fallthrough)
branch 37 taken 100%
branch 38 never executed
branch 39 never executed
call   40 never executed
branch 41 never executed
branch 42 never executed
call   43 never executed
branch 44 never executed
branch 45 never executed
call   46 never executed
branch 47 never executed
branch 48 never executed
call   49 never executed
branch 50 never executed
branch 51 never executed
call   52 never executed
branch 53 never executed
branch 54 never executed
call   55 never executed
branch 56 taken 100% (fallthrough)
branch 57 taken 0% (throw)
call   58 returned 100%
branch 59 taken 100%
branch 60 taken 0%
call   61 never executed
call   62 never executed
call   63 never executed
        2:  549:    ++b;
branch  0 taken 100% (fallthrough)
branch  1 taken 0% (throw)
call    2 returned 100%
call    3 returned 100%
        2:  550:    ASSERT_EQ(e, b);}
branch  0 taken 100% (fallthrough)
branch  1 taken 0% (throw)
call    2 returned 100%
call    3 returned 100%
branch  4 taken 0% (fallthrough)
branch  5 taken 100%
branch  6 never executed
branch  7 never executed
call    8 never executed
branch  9 never executed
branch 10 never executed
call   11 never executed
branch 12 never executed
branch 13 never executed
call   14 never executed
branch 15 never executed
branch 16 never executed
call   17 never executed
branch 18 never executed
branch 19 never executed
call   20 never executed
branch 21 never executed
branch 22 never executed
call   23 never executed
branch 24 taken 100% (fallthrough)
branch 25 taken 0% (throw)
call   26 returned 100%
branch 27 taken 100%
branch 28 taken 0%
branch 29 taken 100% (fallthrough)
branch 30 taken 0% (throw)
call   31 returned 100%
branch 32 taken 100%
branch 33 taken 0%
call   34 never executed
call   35 never executed
call   36 never executed
call   37 never executed
call   38 never executed
branch 39 taken 100% (fallthrough)
branch 40 taken 0% (throw)
call   41 returned 100%
call   42 returned 100%
branch 43 taken 0% (fallthrough)
branch 44 taken 100%
branch 45 never executed
branch 46 never executed
call   47 never executed
branch 48 never executed
branch 49 never executed
call   50 never executed
branch 51 never executed
branch 52 never executed
call   53 never executed
branch 54 never executed
branch 55 never executed
call   56 never executed
branch 57 never executed
branch 58 never executed
call   59 never executed
branch 60 never executed
branch 61 never executed
call   62 never executed
branch 63 taken 100% (fallthrough)
branch 64 taken 0% (throw)
call   65 returned 100%
branch 66 taken 100%
branch 67 taken 0%
call   68 returned 100%
branch 69 taken 100%
branch 70 taken 0%
call   71 never executed
call   72 never executed
call   73 never executed
call   74 never executed
call   75 never executed
        -:  551:
function _ZN34TestGraph_Adjacent_Vertices_2_TestIN5boost14adjacency_listINS0_4setSENS0_4vecSENS0_9directedSENS0_11no_propertyES5_S5_NS0_5listSEEEE8TestBodyEv called 1 returned 100% blocks executed 44%
function _ZN34TestGraph_Adjacent_Vertices_2_TestI5GraphE8TestBodyEv called 1 returned 100% blocks executed 47%
function _ZN34TestGraph_Adjacent_Vertices_2_TestIN5boost14adjacency_listINS0_4setSENS0_4vecSENS0_9directedSENS0_11no_propertyES5_S5_NS0_5listSEEEED0Ev called 1 returned 100% blocks executed 100%
function _ZN34TestGraph_Adjacent_Vertices_2_TestIN5boost14adjacency_listINS0_4setSENS0_4vecSENS0_9directedSENS0_11no_propertyES5_S5_NS0_5listSEEEED2Ev called 1 returned 100% blocks executed 75%
function _ZN34TestGraph_Adjacent_Vertices_2_TestI5GraphED0Ev called 1 returned 100% blocks executed 100%
function _ZN34TestGraph_Adjacent_Vertices_2_TestI5GraphED2Ev called 1 returned 100% blocks executed 75%
function _ZN34TestGraph_Adjacent_Vertices_2_TestIN5boost14adjacency_listINS0_4setSENS0_4vecSENS0_9directedSENS0_11no_propertyES5_S5_NS0_5listSEEEEC2Ev called 1 returned 100% blocks executed 100%
function _ZN34TestGraph_Adjacent_Vertices_2_TestI5GraphEC2Ev called 1 returned 100% blocks executed 100%
        9:  552: TYPED_TEST(TestGraph, Adjacent_Vertices_2) {
call    0 returned 100%
call    1 returned 100%
call    2 returned 100%
branch  3 taken 0% (fallthrough)
branch  4 taken 100%
call    5 never executed
call    6 returned 100%
call    7 returned 100%
call    8 returned 100%
branch  9 taken 0% (fallthrough)
branch 10 taken 100%
call   11 never executed
call   12 returned 100%
call   13 returned 100%
call   14 returned 100%
        -:  553:    ALL_TYPES;
        -:  554:
        2:  555:    graph_type g;
branch  0 taken 100% (fallthrough)
branch  1 taken 0% (throw)
call    2 returned 100%
branch  3 taken 100% (fallthrough)
branch  4 taken 0% (throw)
call    5 returned 100%
branch  6 taken 100% (fallthrough)
branch  7 taken 0% (throw)
call    8 returned 100%
branch  9 taken 100% (fallthrough)
branch 10 taken 0% (throw)
call   11 returned 100%
branch 12 taken 100% (fallthrough)
branch 13 taken 0% (throw)
call   14 returned 100%
call   15 returned 100%
call   16 returned 100%
call   17 returned 100%
call   18 never executed
call   19 never executed
call   20 never executed
        -:  556:
        2:  557:    vertex_descriptor vdA = add_vertex(g);
branch  0 taken 100% (fallthrough)
branch  1 taken 0% (throw)
call    2 returned 100%
branch  3 taken 100% (fallthrough)
branch  4 taken 0% (throw)
call    5 returned 100%
        2:  558:    vertex_descriptor vdB = add_vertex(g);
branch  0 taken 100% (fallthrough)
branch  1 taken 0% (throw)
call    2 returned 100%
branch  3 taken 100% (fallthrough)
branch  4 taken 0% (throw)
call    5 returned 100%
        2:  559:    vertex_descriptor vdC = add_vertex(g);
branch  0 taken 100% (fallthrough)
branch  1 taken 0% (throw)
call    2 returned 100%
branch  3 taken 100% (fallthrough)
branch  4 taken 0% (throw)
call    5 returned 100%
        -:  560:
        2:  561:    std::pair<adjacency_iterator, adjacency_iterator> p = adjacent_vertices(vdA, g);
branch  0 taken 100% (fallthrough)
branch  1 taken 0% (throw)
call    2 returned 100%
branch  3 taken 100% (fallthrough)
branch  4 taken 0% (throw)
call    5 returned 100%
        2:  562:    adjacency_iterator b = p.first;
        2:  563:    adjacency_iterator e = p.second;
        2:  564:    ASSERT_EQ(e, b);}
branch  0 taken 100% (fallthrough)
branch  1 taken 0% (throw)
call    2 returned 100%
call    3 returned 100%
branch  4 taken 0% (fallthrough)
branch  5 taken 100%
branch  6 never executed
branch  7 never executed
call    8 never executed
branch  9 never executed
branch 10 never executed
call   11 never executed
branch 12 never executed
branch 13 never executed
call   14 never executed
branch 15 never executed
branch 16 never executed
call   17 never executed
branch 18 never executed
branch 19 never executed
call   20 never executed
branch 21 never executed
branch 22 never executed
call   23 never executed
branch 24 taken 100% (fallthrough)
branch 25 taken 0% (throw)
call   26 returned 100%
branch 27 taken 100%
branch 28 taken 0%
branch 29 taken 100% (fallthrough)
branch 30 taken 0% (throw)
call   31 returned 100%
branch 32 taken 100%
branch 33 taken 0%
call   34 never executed
call   35 never executed
call   36 never executed
call   37 never executed
call   38 never executed
branch 39 taken 100% (fallthrough)
branch 40 taken 0% (throw)
call   41 returned 100%
call   42 returned 100%
branch 43 taken 0% (fallthrough)
branch 44 taken 100%
branch 45 never executed
branch 46 never executed
call   47 never executed
branch 48 never executed
branch 49 never executed
call   50 never executed
branch 51 never executed
branch 52 never executed
call   53 never executed
branch 54 never executed
branch 55 never executed
call   56 never executed
branch 57 never executed
branch 58 never executed
call   59 never executed
branch 60 never executed
branch 61 never executed
call   62 never executed
branch 63 taken 100% (fallthrough)
branch 64 taken 0% (throw)
call   65 returned 100%
branch 66 taken 100%
branch 67 taken 0%
call   68 returned 100%
branch 69 taken 100%
branch 70 taken 0%
call   71 never executed
call   72 never executed
call   73 never executed
call   74 never executed
call   75 never executed
        -:  565:
function _ZN34TestGraph_Adjacent_Vertices_3_TestIN5boost14adjacency_listINS0_4setSENS0_4vecSENS0_9directedSENS0_11no_propertyES5_S5_NS0_5listSEEEE8TestBodyEv called 1 returned 100% blocks executed 47%
function _ZN34TestGraph_Adjacent_Vertices_3_TestI5GraphE8TestBodyEv called 1 returned 100% blocks executed 49%
function _ZN34TestGraph_Adjacent_Vertices_3_TestIN5boost14adjacency_listINS0_4setSENS0_4vecSENS0_9directedSENS0_11no_propertyES5_S5_NS0_5listSEEEED0Ev called 1 returned 100% blocks executed 100%
function _ZN34TestGraph_Adjacent_Vertices_3_TestIN5boost14adjacency_listINS0_4setSENS0_4vecSENS0_9directedSENS0_11no_propertyES5_S5_NS0_5listSEEEED2Ev called 1 returned 100% blocks executed 75%
function _ZN34TestGraph_Adjacent_Vertices_3_TestI5GraphED0Ev called 1 returned 100% blocks executed 100%
function _ZN34TestGraph_Adjacent_Vertices_3_TestI5GraphED2Ev called 1 returned 100% blocks executed 75%
function _ZN34TestGraph_Adjacent_Vertices_3_TestIN5boost14adjacency_listINS0_4setSENS0_4vecSENS0_9directedSENS0_11no_propertyES5_S5_NS0_5listSEEEEC2Ev called 1 returned 100% blocks executed 100%
function _ZN34TestGraph_Adjacent_Vertices_3_TestI5GraphEC2Ev called 1 returned 100% blocks executed 100%
        9:  566: TYPED_TEST(TestGraph, Adjacent_Vertices_3) {
call    0 returned 100%
call    1 returned 100%
call    2 returned 100%
branch  3 taken 0% (fallthrough)
branch  4 taken 100%
call    5 never executed
call    6 returned 100%
call    7 returned 100%
call    8 returned 100%
branch  9 taken 0% (fallthrough)
branch 10 taken 100%
call   11 never executed
call   12 returned 100%
call   13 returned 100%
call   14 returned 100%
        -:  567:    ALL_TYPES;
        -:  568:
        2:  569:    graph_type g;
branch  0 taken 100% (fallthrough)
branch  1 taken 0% (throw)
call    2 returned 100%
branch  3 taken 100% (fallthrough)
branch  4 taken 0% (throw)
call    5 returned 100%
branch  6 taken 100% (fallthrough)
branch  7 taken 0% (throw)
call    8 returned 100%
branch  9 taken 100% (fallthrough)
branch 10 taken 0% (throw)
call   11 returned 100%
branch 12 taken 100% (fallthrough)
branch 13 taken 0% (throw)
call   14 returned 100%
call   15 returned 100%
call   16 returned 100%
call   17 returned 100%
call   18 never executed
call   19 never executed
call   20 never executed
        -:  570:
        2:  571:    vertex_descriptor vdA = add_vertex(g);
branch  0 taken 100% (fallthrough)
branch  1 taken 0% (throw)
call    2 returned 100%
branch  3 taken 100% (fallthrough)
branch  4 taken 0% (throw)
call    5 returned 100%
        2:  572:    vertex_descriptor vdB = add_vertex(g);
branch  0 taken 100% (fallthrough)
branch  1 taken 0% (throw)
call    2 returned 100%
branch  3 taken 100% (fallthrough)
branch  4 taken 0% (throw)
call    5 returned 100%
        2:  573:    vertex_descriptor vdC = add_vertex(g);
branch  0 taken 100% (fallthrough)
branch  1 taken 0% (throw)
call    2 returned 100%
branch  3 taken 100% (fallthrough)
branch  4 taken 0% (throw)
call    5 returned 100%
        -:  574:
        2:  575:    add_edge(vdA, vdB, g);
branch  0 taken 100% (fallthrough)
branch  1 taken 0% (throw)
call    2 returned 100%
branch  3 taken 100% (fallthrough)
branch  4 taken 0% (throw)
call    5 returned 100%
        2:  576:    add_edge(vdA, vdC, g);
branch  0 taken 100% (fallthrough)
branch  1 taken 0% (throw)
call    2 returned 100%
branch  3 taken 100% (fallthrough)
branch  4 taken 0% (throw)
call    5 returned 100%
        -:  577:
        2:  578:    std::pair<adjacency_iterator, adjacency_iterator> p = adjacent_vertices(vdC, g);
branch  0 taken 100% (fallthrough)
branch  1 taken 0% (throw)
call    2 returned 100%
branch  3 taken 100% (fallthrough)
branch  4 taken 0% (throw)
call    5 returned 100%
        2:  579:    adjacency_iterator b = p.first;
        2:  580:    adjacency_iterator e = p.second;
function _GLOBAL__sub_I_gtest_TestGraph_Num_Vertices_1_registered_ called 1 returned 100% blocks executed 100%
function _Z41__static_initialization_and_destruction_0ii called 1 returned 100% blocks executed 100%
        5:  581:    ASSERT_EQ(e, b);}
call    0 returned 100%
branch  1 taken 100% (fallthrough)
branch  2 taken 0% (throw)
call    3 returned 100%
call    4 returned 100%
branch  5 taken 0% (fallthrough)
branch  6 taken 100%
branch  7 never executed
branch  8 never executed
call    9 never executed
branch 10 never executed
branch 11 never executed
call   12 never executed
branch 13 never executed
branch 14 never executed
call   15 never executed
branch 16 never executed
branch 17 never executed
call   18 never executed
branch 19 never executed
branch 20 never executed
call   21 never executed
branch 22 never executed
branch 23 never executed
call   24 never executed
branch 25 taken 100% (fallthrough)
branch 26 taken 0% (throw)
call   27 returned 100%
branch 28 taken 100%
branch 29 taken 0%
branch 30 taken 100% (fallthrough)
branch 31 taken 0% (throw)
call   32 returned 100%
branch 33 taken 100%
branch 34 taken 0%
call   35 never executed
call   36 never executed
call   37 never executed
call   38 never executed
call   39 never executed
branch 40 taken 100% (fallthrough)
branch 41 taken 0% (throw)
call   42 returned 100%
call   43 returned 100%
branch 44 taken 0% (fallthrough)
branch 45 taken 100%
branch 46 never executed
branch 47 never executed
call   48 never executed
branch 49 never executed
branch 50 never executed
call   51 never executed
branch 52 never executed
branch 53 never executed
call   54 never executed
branch 55 never executed
branch 56 never executed
call   57 never executed
branch 58 never executed
branch 59 never executed
call   60 never executed
branch 61 never executed
branch 62 never executed
call   63 never executed
branch 64 taken 100% (fallthrough)
branch 65 taken 0% (throw)
call   66 returned 100%
branch 67 taken 100%
branch 68 taken 0%
call   69 returned 100%
branch 70 taken 100%
branch 71 taken 0%
call   72 never executed
call   73 never executed
call   74 never executed
call   75 never executed
call   76 never executed
branch 77 taken 100% (fallthrough)
branch 78 taken 0%
branch 79 taken 100% (fallthrough)
branch 80 taken 0%
